<?xml version="1.0" encoding="UTF-8"?>
<testsuite name="example.cashcard.CashCardJsonTest" tests="2" skipped="0" failures="0" errors="0" timestamp="2023-09-12T17:29:19" hostname="murilo-20fma00f00" time="0.053">
  <properties/>
  <testcase name="cashCardSerializationTest()" classname="example.cashcard.CashCardJsonTest" time="0.022"/>
  <testcase name="cashCardDeserializationTest()" classname="example.cashcard.CashCardJsonTest" time="0.028"/>
  <system-out><![CDATA[2023-09-12T14:29:18.945-03:00  INFO 9020 --- [    Test worker] t.c.s.AnnotationConfigContextLoaderUtils : Could not detect default configuration classes for test class [example.cashcard.CashCardJsonTest]: CashCardJsonTest does not declare any static, non-private, non-final, nested classes annotated with @Configuration.
2023-09-12T14:29:18.967-03:00  INFO 9020 --- [    Test worker] .b.t.c.SpringBootTestContextBootstrapper : Found @SpringBootConfiguration example.cashcard.CashcardApplication for test class example.cashcard.CashCardJsonTest

  .   ____          _            __ _ _
 /\\ / ___'_ __ _ _(_)_ __  __ _ \ \ \ \
( ( )\___ | '_ | '_| | '_ \/ _` | \ \ \ \
 \\/  ___)| |_)| | | | | || (_| |  ) ) ) )
  '  |____| .__|_| |_|_| |_\__, | / / / /
 =========|_|==============|___/=/_/_/_/
 :: Spring Boot ::                (v3.1.3)

2023-09-12T14:29:19.031-03:00  INFO 9020 --- [    Test worker] example.cashcard.CashCardJsonTest        : Starting CashCardJsonTest using Java 17.0.8 with PID 9020 (started by murilodh in /home/murilodh/github-repos/REST-API-SpringBoot)
2023-09-12T14:29:19.032-03:00  INFO 9020 --- [    Test worker] example.cashcard.CashCardJsonTest        : No active profile set, falling back to 1 default profile: "default"
2023-09-12T14:29:19.139-03:00  INFO 9020 --- [    Test worker] example.cashcard.CashCardJsonTest        : Started CashCardJsonTest in 0.163 seconds (process running for 5.844)
]]></system-out>
  <system-err><![CDATA[]]></system-err>
</testsuite>
