<?xml version="1.0" encoding="UTF-8"?>
<testsuite name="example.cashcard.CashCardApplicationTests" tests="14" skipped="0" failures="0" errors="0" timestamp="2023-09-13T15:18:22" hostname="murilo-20fma00f00" time="6.949">
  <properties/>
  <testcase name="shouldReturnASortedPageOfCashCards()" classname="example.cashcard.CashCardApplicationTests" time="1.52"/>
  <testcase name="shouldDeleteAnExistingCashCard()" classname="example.cashcard.CashCardApplicationTests" time="0.487"/>
  <testcase name="shouldNotAllowAccessToCashCardsTheyDoNotOwn()" classname="example.cashcard.CashCardApplicationTests" time="0.233"/>
  <testcase name="shouldReturnACashCardWhenDataIsSaved()" classname="example.cashcard.CashCardApplicationTests" time="0.11"/>
  <testcase name="shouldNotDeleteACashCardThatDoesNotExist()" classname="example.cashcard.CashCardApplicationTests" time="0.109"/>
  <testcase name="shouldCreateANewCashCard()" classname="example.cashcard.CashCardApplicationTests" time="0.476"/>
  <testcase name="shouldRejectUsersWhoAreNotCardOwners()" classname="example.cashcard.CashCardApplicationTests" time="0.211"/>
  <testcase name="shouldReturnAPageOfCashCards()" classname="example.cashcard.CashCardApplicationTests" time="0.14"/>
  <testcase name="shouldUpdateAnExistingCashCard()" classname="example.cashcard.CashCardApplicationTests" time="0.512"/>
  <testcase name="shouldNotUpdateACashCardThatDoesNotExist()" classname="example.cashcard.CashCardApplicationTests" time="0.194"/>
  <testcase name="shouldNotReturnACashCardWhenUsingBadCredentials()" classname="example.cashcard.CashCardApplicationTests" time="0.193"/>
  <testcase name="shouldReturnAllCashCardsWhenListIsRequested()" classname="example.cashcard.CashCardApplicationTests" time="0.11"/>
  <testcase name="shouldReturnASortedPageOfCashCardsWithNoParametersAndUseDefaultValues()" classname="example.cashcard.CashCardApplicationTests" time="0.109"/>
  <testcase name="shouldNotReturnACashCardWithAnUnknownId()" classname="example.cashcard.CashCardApplicationTests" time="0.111"/>
  <system-out><![CDATA[12:18:18.816 [Test worker] INFO org.springframework.test.context.support.AnnotationConfigContextLoaderUtils -- Could not detect default configuration classes for test class [example.cashcard.CashCardApplicationTests]: CashCardApplicationTests does not declare any static, non-private, non-final, nested classes annotated with @Configuration.
12:18:19.002 [Test worker] INFO org.springframework.boot.test.context.SpringBootTestContextBootstrapper -- Found @SpringBootConfiguration example.cashcard.CashCardApplication for test class example.cashcard.CashCardApplicationTests

  .   ____          _            __ _ _
 /\\ / ___'_ __ _ _(_)_ __  __ _ \ \ \ \
( ( )\___ | '_ | '_| | '_ \/ _` | \ \ \ \
 \\/  ___)| |_)| | | | | || (_| |  ) ) ) )
  '  |____| .__|_| |_|_| |_\__, | / / / /
 =========|_|==============|___/=/_/_/_/
 :: Spring Boot ::                (v3.1.3)

2023-09-13T12:18:19.539-03:00  INFO 8922 --- [    Test worker] e.cashcard.CashCardApplicationTests      : Starting CashCardApplicationTests using Java 17.0.8 with PID 8922 (started by murilodh in /home/murilodh/github-repos/REST-API-SpringBoot)
2023-09-13T12:18:19.548-03:00  INFO 8922 --- [    Test worker] e.cashcard.CashCardApplicationTests      : No active profile set, falling back to 1 default profile: "default"
2023-09-13T12:18:20.361-03:00  INFO 8922 --- [    Test worker] .s.d.r.c.RepositoryConfigurationDelegate : Bootstrapping Spring Data JDBC repositories in DEFAULT mode.
2023-09-13T12:18:20.409-03:00  INFO 8922 --- [    Test worker] .s.d.r.c.RepositoryConfigurationDelegate : Finished Spring Data repository scanning in 43 ms. Found 1 JDBC repository interfaces.
2023-09-13T12:18:21.040-03:00  INFO 8922 --- [    Test worker] o.s.b.w.embedded.tomcat.TomcatWebServer  : Tomcat initialized with port(s): 0 (http)
2023-09-13T12:18:21.051-03:00  INFO 8922 --- [    Test worker] o.apache.catalina.core.StandardService   : Starting service [Tomcat]
2023-09-13T12:18:21.051-03:00  INFO 8922 --- [    Test worker] o.apache.catalina.core.StandardEngine    : Starting Servlet engine: [Apache Tomcat/10.1.12]
2023-09-13T12:18:21.162-03:00  INFO 8922 --- [    Test worker] o.a.c.c.C.[Tomcat].[localhost].[/]       : Initializing Spring embedded WebApplicationContext
2023-09-13T12:18:21.164-03:00  INFO 8922 --- [    Test worker] w.s.c.ServletWebServerApplicationContext : Root WebApplicationContext: initialization completed in 1581 ms
2023-09-13T12:18:21.256-03:00  INFO 8922 --- [    Test worker] o.s.j.d.e.EmbeddedDatabaseFactory        : Starting embedded database: url='jdbc:h2:mem:9e7f68cb-a980-47ef-8587-b1d374b8ac84;DB_CLOSE_DELAY=-1;DB_CLOSE_ON_EXIT=false', username='sa'
2023-09-13T12:18:22.414-03:00  INFO 8922 --- [    Test worker] o.s.s.web.DefaultSecurityFilterChain     : Will secure any request with [org.springframework.security.web.session.DisableEncodeUrlFilter@cf10c92, org.springframework.security.web.context.request.async.WebAsyncManagerIntegrationFilter@f76872f, org.springframework.security.web.context.SecurityContextHolderFilter@5f7cd50e, org.springframework.security.web.header.HeaderWriterFilter@749d7c01, org.springframework.security.web.authentication.logout.LogoutFilter@393ae7a0, org.springframework.security.web.authentication.www.BasicAuthenticationFilter@28b5662d, org.springframework.security.web.savedrequest.RequestCacheAwareFilter@d76099a, org.springframework.security.web.servletapi.SecurityContextHolderAwareRequestFilter@750e2d33, org.springframework.security.web.authentication.AnonymousAuthenticationFilter@2d4e99de, org.springframework.security.web.access.ExceptionTranslationFilter@16a09809, org.springframework.security.web.access.intercept.AuthorizationFilter@2d5ae78e]
2023-09-13T12:18:22.620-03:00  INFO 8922 --- [    Test worker] o.s.b.w.embedded.tomcat.TomcatWebServer  : Tomcat started on port(s): 35853 (http) with context path ''
2023-09-13T12:18:22.631-03:00  INFO 8922 --- [    Test worker] e.cashcard.CashCardApplicationTests      : Started CashCardApplicationTests in 3.46 seconds (process running for 4.875)
2023-09-13T12:18:23.644-03:00  INFO 8922 --- [o-auto-1-exec-1] o.a.c.c.C.[Tomcat].[localhost].[/]       : Initializing Spring DispatcherServlet 'dispatcherServlet'
2023-09-13T12:18:23.645-03:00  INFO 8922 --- [o-auto-1-exec-1] o.s.web.servlet.DispatcherServlet        : Initializing Servlet 'dispatcherServlet'
2023-09-13T12:18:23.648-03:00  INFO 8922 --- [o-auto-1-exec-1] o.s.web.servlet.DispatcherServlet        : Completed initialization in 1 ms
2023-09-13T12:18:24.443-03:00  INFO 8922 --- [    Test worker] o.apache.catalina.core.StandardService   : Stopping service [Tomcat]
2023-09-13T12:18:24.445-03:00  INFO 8922 --- [    Test worker] o.a.c.c.C.[Tomcat].[localhost].[/]       : Destroying Spring FrameworkServlet 'dispatcherServlet'
2023-09-13T12:18:24.454-03:00  INFO 8922 --- [    Test worker] o.s.j.d.e.EmbeddedDatabaseFactory        : Shutting down embedded database: url='jdbc:h2:mem:9e7f68cb-a980-47ef-8587-b1d374b8ac84;DB_CLOSE_DELAY=-1;DB_CLOSE_ON_EXIT=false'

  .   ____          _            __ _ _
 /\\ / ___'_ __ _ _(_)_ __  __ _ \ \ \ \
( ( )\___ | '_ | '_| | '_ \/ _` | \ \ \ \
 \\/  ___)| |_)| | | | | || (_| |  ) ) ) )
  '  |____| .__|_| |_|_| |_\__, | / / / /
 =========|_|==============|___/=/_/_/_/
 :: Spring Boot ::                (v3.1.3)

2023-09-13T12:18:24.681-03:00  INFO 8922 --- [    Test worker] e.cashcard.CashCardApplicationTests      : Starting CashCardApplicationTests using Java 17.0.8 with PID 8922 (started by murilodh in /home/murilodh/github-repos/REST-API-SpringBoot)
2023-09-13T12:18:24.682-03:00  INFO 8922 --- [    Test worker] e.cashcard.CashCardApplicationTests      : No active profile set, falling back to 1 default profile: "default"
2023-09-13T12:18:24.984-03:00  INFO 8922 --- [    Test worker] .s.d.r.c.RepositoryConfigurationDelegate : Bootstrapping Spring Data JDBC repositories in DEFAULT mode.
2023-09-13T12:18:24.990-03:00  INFO 8922 --- [    Test worker] .s.d.r.c.RepositoryConfigurationDelegate : Finished Spring Data repository scanning in 5 ms. Found 1 JDBC repository interfaces.
2023-09-13T12:18:25.093-03:00  INFO 8922 --- [    Test worker] o.s.b.w.embedded.tomcat.TomcatWebServer  : Tomcat initialized with port(s): 0 (http)
2023-09-13T12:18:25.094-03:00  INFO 8922 --- [    Test worker] o.apache.catalina.core.StandardService   : Starting service [Tomcat]
2023-09-13T12:18:25.095-03:00  INFO 8922 --- [    Test worker] o.apache.catalina.core.StandardEngine    : Starting Servlet engine: [Apache Tomcat/10.1.12]
2023-09-13T12:18:25.117-03:00  INFO 8922 --- [    Test worker] o.a.c.c.C.[Tomcat].[localhost].[/]       : Initializing Spring embedded WebApplicationContext
2023-09-13T12:18:25.117-03:00  INFO 8922 --- [    Test worker] w.s.c.ServletWebServerApplicationContext : Root WebApplicationContext: initialization completed in 433 ms
2023-09-13T12:18:25.151-03:00  INFO 8922 --- [    Test worker] o.s.j.d.e.EmbeddedDatabaseFactory        : Starting embedded database: url='jdbc:h2:mem:8036cce9-d601-4d28-be73-1557971d7e4a;DB_CLOSE_DELAY=-1;DB_CLOSE_ON_EXIT=false', username='sa'
2023-09-13T12:18:25.529-03:00  INFO 8922 --- [    Test worker] o.s.s.web.DefaultSecurityFilterChain     : Will secure any request with [org.springframework.security.web.session.DisableEncodeUrlFilter@32121140, org.springframework.security.web.context.request.async.WebAsyncManagerIntegrationFilter@96c840a, org.springframework.security.web.context.SecurityContextHolderFilter@56b48163, org.springframework.security.web.header.HeaderWriterFilter@55d8f6bb, org.springframework.security.web.authentication.logout.LogoutFilter@3e1c5e0d, org.springframework.security.web.authentication.www.BasicAuthenticationFilter@6e22d6bf, org.springframework.security.web.savedrequest.RequestCacheAwareFilter@eb6ccbc, org.springframework.security.web.servletapi.SecurityContextHolderAwareRequestFilter@5eae392d, org.springframework.security.web.authentication.AnonymousAuthenticationFilter@5c81ddab, org.springframework.security.web.access.ExceptionTranslationFilter@b6b746b, org.springframework.security.web.access.intercept.AuthorizationFilter@29bf90fc]
2023-09-13T12:18:25.578-03:00  INFO 8922 --- [    Test worker] o.s.b.w.embedded.tomcat.TomcatWebServer  : Tomcat started on port(s): 33529 (http) with context path ''
2023-09-13T12:18:25.582-03:00  INFO 8922 --- [    Test worker] e.cashcard.CashCardApplicationTests      : Started CashCardApplicationTests in 0.924 seconds (process running for 7.826)
2023-09-13T12:18:25.591-03:00  INFO 8922 --- [o-auto-2-exec-1] o.a.c.c.C.[Tomcat].[localhost].[/]       : Initializing Spring DispatcherServlet 'dispatcherServlet'
2023-09-13T12:18:25.592-03:00  INFO 8922 --- [o-auto-2-exec-1] o.s.web.servlet.DispatcherServlet        : Initializing Servlet 'dispatcherServlet'
2023-09-13T12:18:25.592-03:00  INFO 8922 --- [o-auto-2-exec-1] o.s.web.servlet.DispatcherServlet        : Completed initialization in 0 ms
2023-09-13T12:18:26.309-03:00  INFO 8922 --- [    Test worker] o.apache.catalina.core.StandardService   : Stopping service [Tomcat]
2023-09-13T12:18:26.310-03:00  INFO 8922 --- [    Test worker] o.a.c.c.C.[Tomcat].[localhost].[/]       : Destroying Spring FrameworkServlet 'dispatcherServlet'
2023-09-13T12:18:26.315-03:00  INFO 8922 --- [    Test worker] o.s.j.d.e.EmbeddedDatabaseFactory        : Shutting down embedded database: url='jdbc:h2:mem:8036cce9-d601-4d28-be73-1557971d7e4a;DB_CLOSE_DELAY=-1;DB_CLOSE_ON_EXIT=false'

  .   ____          _            __ _ _
 /\\ / ___'_ __ _ _(_)_ __  __ _ \ \ \ \
( ( )\___ | '_ | '_| | '_ \/ _` | \ \ \ \
 \\/  ___)| |_)| | | | | || (_| |  ) ) ) )
  '  |____| .__|_| |_|_| |_\__, | / / / /
 =========|_|==============|___/=/_/_/_/
 :: Spring Boot ::                (v3.1.3)

2023-09-13T12:18:26.545-03:00  INFO 8922 --- [    Test worker] e.cashcard.CashCardApplicationTests      : Starting CashCardApplicationTests using Java 17.0.8 with PID 8922 (started by murilodh in /home/murilodh/github-repos/REST-API-SpringBoot)
2023-09-13T12:18:26.546-03:00  INFO 8922 --- [    Test worker] e.cashcard.CashCardApplicationTests      : No active profile set, falling back to 1 default profile: "default"
2023-09-13T12:18:26.718-03:00  INFO 8922 --- [    Test worker] .s.d.r.c.RepositoryConfigurationDelegate : Bootstrapping Spring Data JDBC repositories in DEFAULT mode.
2023-09-13T12:18:26.731-03:00  INFO 8922 --- [    Test worker] .s.d.r.c.RepositoryConfigurationDelegate : Finished Spring Data repository scanning in 12 ms. Found 1 JDBC repository interfaces.
2023-09-13T12:18:26.864-03:00  INFO 8922 --- [    Test worker] o.s.b.w.embedded.tomcat.TomcatWebServer  : Tomcat initialized with port(s): 0 (http)
2023-09-13T12:18:26.865-03:00  INFO 8922 --- [    Test worker] o.apache.catalina.core.StandardService   : Starting service [Tomcat]
2023-09-13T12:18:26.866-03:00  INFO 8922 --- [    Test worker] o.apache.catalina.core.StandardEngine    : Starting Servlet engine: [Apache Tomcat/10.1.12]
2023-09-13T12:18:26.882-03:00  INFO 8922 --- [    Test worker] o.a.c.c.C.[Tomcat].[localhost].[/]       : Initializing Spring embedded WebApplicationContext
2023-09-13T12:18:26.882-03:00  INFO 8922 --- [    Test worker] w.s.c.ServletWebServerApplicationContext : Root WebApplicationContext: initialization completed in 335 ms
2023-09-13T12:18:26.906-03:00  INFO 8922 --- [    Test worker] o.s.j.d.e.EmbeddedDatabaseFactory        : Starting embedded database: url='jdbc:h2:mem:084ab4bd-b21d-4917-b8a7-39037bf68724;DB_CLOSE_DELAY=-1;DB_CLOSE_ON_EXIT=false', username='sa'
2023-09-13T12:18:27.229-03:00  INFO 8922 --- [    Test worker] o.s.s.web.DefaultSecurityFilterChain     : Will secure any request with [org.springframework.security.web.session.DisableEncodeUrlFilter@4ee19768, org.springframework.security.web.context.request.async.WebAsyncManagerIntegrationFilter@8113ea7, org.springframework.security.web.context.SecurityContextHolderFilter@4806fbf7, org.springframework.security.web.header.HeaderWriterFilter@32153bbe, org.springframework.security.web.authentication.logout.LogoutFilter@34114276, org.springframework.security.web.authentication.www.BasicAuthenticationFilter@70dd79f7, org.springframework.security.web.savedrequest.RequestCacheAwareFilter@4280b20b, org.springframework.security.web.servletapi.SecurityContextHolderAwareRequestFilter@50e4d8cd, org.springframework.security.web.authentication.AnonymousAuthenticationFilter@1c879f07, org.springframework.security.web.access.ExceptionTranslationFilter@22561412, org.springframework.security.web.access.intercept.AuthorizationFilter@5923210]
2023-09-13T12:18:27.295-03:00  INFO 8922 --- [    Test worker] o.s.b.w.embedded.tomcat.TomcatWebServer  : Tomcat started on port(s): 40579 (http) with context path ''
2023-09-13T12:18:27.301-03:00  INFO 8922 --- [    Test worker] e.cashcard.CashCardApplicationTests      : Started CashCardApplicationTests in 0.774 seconds (process running for 9.545)
2023-09-13T12:18:27.320-03:00  INFO 8922 --- [o-auto-3-exec-2] o.a.c.c.C.[Tomcat].[localhost].[/]       : Initializing Spring DispatcherServlet 'dispatcherServlet'
2023-09-13T12:18:27.321-03:00  INFO 8922 --- [o-auto-3-exec-2] o.s.web.servlet.DispatcherServlet        : Initializing Servlet 'dispatcherServlet'
2023-09-13T12:18:27.321-03:00  INFO 8922 --- [o-auto-3-exec-2] o.s.web.servlet.DispatcherServlet        : Completed initialization in 0 ms
2023-09-13T12:18:27.964-03:00  INFO 8922 --- [    Test worker] o.apache.catalina.core.StandardService   : Stopping service [Tomcat]
2023-09-13T12:18:27.965-03:00  INFO 8922 --- [    Test worker] o.a.c.c.C.[Tomcat].[localhost].[/]       : Destroying Spring FrameworkServlet 'dispatcherServlet'
2023-09-13T12:18:27.971-03:00  INFO 8922 --- [    Test worker] o.s.j.d.e.EmbeddedDatabaseFactory        : Shutting down embedded database: url='jdbc:h2:mem:084ab4bd-b21d-4917-b8a7-39037bf68724;DB_CLOSE_DELAY=-1;DB_CLOSE_ON_EXIT=false'

  .   ____          _            __ _ _
 /\\ / ___'_ __ _ _(_)_ __  __ _ \ \ \ \
( ( )\___ | '_ | '_| | '_ \/ _` | \ \ \ \
 \\/  ___)| |_)| | | | | || (_| |  ) ) ) )
  '  |____| .__|_| |_|_| |_\__, | / / / /
 =========|_|==============|___/=/_/_/_/
 :: Spring Boot ::                (v3.1.3)

2023-09-13T12:18:28.206-03:00  INFO 8922 --- [    Test worker] e.cashcard.CashCardApplicationTests      : Starting CashCardApplicationTests using Java 17.0.8 with PID 8922 (started by murilodh in /home/murilodh/github-repos/REST-API-SpringBoot)
2023-09-13T12:18:28.207-03:00  INFO 8922 --- [    Test worker] e.cashcard.CashCardApplicationTests      : No active profile set, falling back to 1 default profile: "default"
2023-09-13T12:18:28.364-03:00  INFO 8922 --- [    Test worker] .s.d.r.c.RepositoryConfigurationDelegate : Bootstrapping Spring Data JDBC repositories in DEFAULT mode.
2023-09-13T12:18:28.369-03:00  INFO 8922 --- [    Test worker] .s.d.r.c.RepositoryConfigurationDelegate : Finished Spring Data repository scanning in 4 ms. Found 1 JDBC repository interfaces.
2023-09-13T12:18:28.437-03:00  INFO 8922 --- [    Test worker] o.s.b.w.embedded.tomcat.TomcatWebServer  : Tomcat initialized with port(s): 0 (http)
2023-09-13T12:18:28.438-03:00  INFO 8922 --- [    Test worker] o.apache.catalina.core.StandardService   : Starting service [Tomcat]
2023-09-13T12:18:28.439-03:00  INFO 8922 --- [    Test worker] o.apache.catalina.core.StandardEngine    : Starting Servlet engine: [Apache Tomcat/10.1.12]
2023-09-13T12:18:28.450-03:00  INFO 8922 --- [    Test worker] o.a.c.c.C.[Tomcat].[localhost].[/]       : Initializing Spring embedded WebApplicationContext
2023-09-13T12:18:28.451-03:00  INFO 8922 --- [    Test worker] w.s.c.ServletWebServerApplicationContext : Root WebApplicationContext: initialization completed in 241 ms
2023-09-13T12:18:28.470-03:00  INFO 8922 --- [    Test worker] o.s.j.d.e.EmbeddedDatabaseFactory        : Starting embedded database: url='jdbc:h2:mem:81a9af8c-2f3f-456a-a2bf-7cd9a3610ae8;DB_CLOSE_DELAY=-1;DB_CLOSE_ON_EXIT=false', username='sa'
2023-09-13T12:18:28.818-03:00  INFO 8922 --- [    Test worker] o.s.s.web.DefaultSecurityFilterChain     : Will secure any request with [org.springframework.security.web.session.DisableEncodeUrlFilter@395abe85, org.springframework.security.web.context.request.async.WebAsyncManagerIntegrationFilter@55849272, org.springframework.security.web.context.SecurityContextHolderFilter@80b70fd, org.springframework.security.web.header.HeaderWriterFilter@10b7b5f0, org.springframework.security.web.authentication.logout.LogoutFilter@5318731f, org.springframework.security.web.authentication.www.BasicAuthenticationFilter@294ab038, org.springframework.security.web.savedrequest.RequestCacheAwareFilter@5af7e2f, org.springframework.security.web.servletapi.SecurityContextHolderAwareRequestFilter@2df24f19, org.springframework.security.web.authentication.AnonymousAuthenticationFilter@2eb91767, org.springframework.security.web.access.ExceptionTranslationFilter@13976c57, org.springframework.security.web.access.intercept.AuthorizationFilter@128d397c]
2023-09-13T12:18:28.868-03:00  INFO 8922 --- [    Test worker] o.s.b.w.embedded.tomcat.TomcatWebServer  : Tomcat started on port(s): 37703 (http) with context path ''
2023-09-13T12:18:28.870-03:00  INFO 8922 --- [    Test worker] e.cashcard.CashCardApplicationTests      : Started CashCardApplicationTests in 0.695 seconds (process running for 11.114)
2023-09-13T12:18:28.879-03:00  INFO 8922 --- [o-auto-4-exec-1] o.a.c.c.C.[Tomcat].[localhost].[/]       : Initializing Spring DispatcherServlet 'dispatcherServlet'
2023-09-13T12:18:28.879-03:00  INFO 8922 --- [o-auto-4-exec-1] o.s.web.servlet.DispatcherServlet        : Initializing Servlet 'dispatcherServlet'
2023-09-13T12:18:28.880-03:00  INFO 8922 --- [o-auto-4-exec-1] o.s.web.servlet.DispatcherServlet        : Completed initialization in 1 ms
]]></system-out>
  <system-err><![CDATA[]]></system-err>
</testsuite>
