<?xml version="1.0" encoding="UTF-8"?>
<testsuite name="example.cashcard.CashCardApplicationTests" tests="11" skipped="0" failures="0" errors="0" timestamp="2023-09-13T15:00:52" hostname="murilo-20fma00f00" time="5.654">
  <properties/>
  <testcase name="shouldReturnASortedPageOfCashCards()" classname="example.cashcard.CashCardApplicationTests" time="1.501"/>
  <testcase name="shouldNotAllowAccessToCashCardsTheyDoNotOwn()" classname="example.cashcard.CashCardApplicationTests" time="0.251"/>
  <testcase name="shouldReturnACashCardWhenDataIsSaved()" classname="example.cashcard.CashCardApplicationTests" time="0.128"/>
  <testcase name="shouldCreateANewCashCard()" classname="example.cashcard.CashCardApplicationTests" time="0.553"/>
  <testcase name="shouldRejectUsersWhoAreNotCardOwners()" classname="example.cashcard.CashCardApplicationTests" time="0.212"/>
  <testcase name="shouldReturnAPageOfCashCards()" classname="example.cashcard.CashCardApplicationTests" time="0.117"/>
  <testcase name="shouldUpdateAnExistingCashCard()" classname="example.cashcard.CashCardApplicationTests" time="0.436"/>
  <testcase name="shouldNotReturnACashCardWhenUsingBadCredentials()" classname="example.cashcard.CashCardApplicationTests" time="0.33"/>
  <testcase name="shouldReturnAllCashCardsWhenListIsRequested()" classname="example.cashcard.CashCardApplicationTests" time="0.141"/>
  <testcase name="shouldReturnASortedPageOfCashCardsWithNoParametersAndUseDefaultValues()" classname="example.cashcard.CashCardApplicationTests" time="0.117"/>
  <testcase name="shouldNotReturnACashCardWithAnUnknownId()" classname="example.cashcard.CashCardApplicationTests" time="0.108"/>
  <system-out><![CDATA[12:00:48.425 [Test worker] INFO org.springframework.test.context.support.AnnotationConfigContextLoaderUtils -- Could not detect default configuration classes for test class [example.cashcard.CashCardApplicationTests]: CashCardApplicationTests does not declare any static, non-private, non-final, nested classes annotated with @Configuration.
12:00:48.597 [Test worker] INFO org.springframework.boot.test.context.SpringBootTestContextBootstrapper -- Found @SpringBootConfiguration example.cashcard.CashCardApplication for test class example.cashcard.CashCardApplicationTests

  .   ____          _            __ _ _
 /\\ / ___'_ __ _ _(_)_ __  __ _ \ \ \ \
( ( )\___ | '_ | '_| | '_ \/ _` | \ \ \ \
 \\/  ___)| |_)| | | | | || (_| |  ) ) ) )
  '  |____| .__|_| |_|_| |_\__, | / / / /
 =========|_|==============|___/=/_/_/_/
 :: Spring Boot ::                (v3.1.3)

2023-09-13T12:00:49.139-03:00  INFO 7368 --- [    Test worker] e.cashcard.CashCardApplicationTests      : Starting CashCardApplicationTests using Java 17.0.8 with PID 7368 (started by murilodh in /home/murilodh/github-repos/REST-API-SpringBoot)
2023-09-13T12:00:49.151-03:00  INFO 7368 --- [    Test worker] e.cashcard.CashCardApplicationTests      : No active profile set, falling back to 1 default profile: "default"
2023-09-13T12:00:49.957-03:00  INFO 7368 --- [    Test worker] .s.d.r.c.RepositoryConfigurationDelegate : Bootstrapping Spring Data JDBC repositories in DEFAULT mode.
2023-09-13T12:00:50.017-03:00  INFO 7368 --- [    Test worker] .s.d.r.c.RepositoryConfigurationDelegate : Finished Spring Data repository scanning in 55 ms. Found 1 JDBC repository interfaces.
2023-09-13T12:00:50.698-03:00  INFO 7368 --- [    Test worker] o.s.b.w.embedded.tomcat.TomcatWebServer  : Tomcat initialized with port(s): 0 (http)
2023-09-13T12:00:50.709-03:00  INFO 7368 --- [    Test worker] o.apache.catalina.core.StandardService   : Starting service [Tomcat]
2023-09-13T12:00:50.710-03:00  INFO 7368 --- [    Test worker] o.apache.catalina.core.StandardEngine    : Starting Servlet engine: [Apache Tomcat/10.1.12]
2023-09-13T12:00:50.834-03:00  INFO 7368 --- [    Test worker] o.a.c.c.C.[Tomcat].[localhost].[/]       : Initializing Spring embedded WebApplicationContext
2023-09-13T12:00:50.836-03:00  INFO 7368 --- [    Test worker] w.s.c.ServletWebServerApplicationContext : Root WebApplicationContext: initialization completed in 1652 ms
2023-09-13T12:00:50.952-03:00  INFO 7368 --- [    Test worker] o.s.j.d.e.EmbeddedDatabaseFactory        : Starting embedded database: url='jdbc:h2:mem:2a56fbf6-cad0-41d8-9de0-26f2dd501208;DB_CLOSE_DELAY=-1;DB_CLOSE_ON_EXIT=false', username='sa'
2023-09-13T12:00:52.058-03:00  INFO 7368 --- [    Test worker] o.s.s.web.DefaultSecurityFilterChain     : Will secure any request with [org.springframework.security.web.session.DisableEncodeUrlFilter@69b37f5c, org.springframework.security.web.context.request.async.WebAsyncManagerIntegrationFilter@28b5662d, org.springframework.security.web.context.SecurityContextHolderFilter@69a73867, org.springframework.security.web.header.HeaderWriterFilter@dd20ebc, org.springframework.security.web.authentication.logout.LogoutFilter@52f43225, org.springframework.security.web.authentication.www.BasicAuthenticationFilter@1a5b7394, org.springframework.security.web.savedrequest.RequestCacheAwareFilter@1d3a03fe, org.springframework.security.web.servletapi.SecurityContextHolderAwareRequestFilter@d76099a, org.springframework.security.web.authentication.AnonymousAuthenticationFilter@34b2d51a, org.springframework.security.web.access.ExceptionTranslationFilter@3de8f85c, org.springframework.security.web.access.intercept.AuthorizationFilter@e72fb04]
2023-09-13T12:00:52.315-03:00  INFO 7368 --- [    Test worker] o.s.b.w.embedded.tomcat.TomcatWebServer  : Tomcat started on port(s): 42047 (http) with context path ''
2023-09-13T12:00:52.328-03:00  INFO 7368 --- [    Test worker] e.cashcard.CashCardApplicationTests      : Started CashCardApplicationTests in 3.564 seconds (process running for 5.296)
2023-09-13T12:00:53.324-03:00  INFO 7368 --- [o-auto-1-exec-1] o.a.c.c.C.[Tomcat].[localhost].[/]       : Initializing Spring DispatcherServlet 'dispatcherServlet'
2023-09-13T12:00:53.326-03:00  INFO 7368 --- [o-auto-1-exec-1] o.s.web.servlet.DispatcherServlet        : Initializing Servlet 'dispatcherServlet'
2023-09-13T12:00:53.327-03:00  INFO 7368 --- [o-auto-1-exec-1] o.s.web.servlet.DispatcherServlet        : Completed initialization in 1 ms
2023-09-13T12:00:54.560-03:00  INFO 7368 --- [    Test worker] o.apache.catalina.core.StandardService   : Stopping service [Tomcat]
2023-09-13T12:00:54.562-03:00  INFO 7368 --- [    Test worker] o.a.c.c.C.[Tomcat].[localhost].[/]       : Destroying Spring FrameworkServlet 'dispatcherServlet'
2023-09-13T12:00:54.574-03:00  INFO 7368 --- [    Test worker] o.s.j.d.e.EmbeddedDatabaseFactory        : Shutting down embedded database: url='jdbc:h2:mem:2a56fbf6-cad0-41d8-9de0-26f2dd501208;DB_CLOSE_DELAY=-1;DB_CLOSE_ON_EXIT=false'

  .   ____          _            __ _ _
 /\\ / ___'_ __ _ _(_)_ __  __ _ \ \ \ \
( ( )\___ | '_ | '_| | '_ \/ _` | \ \ \ \
 \\/  ___)| |_)| | | | | || (_| |  ) ) ) )
  '  |____| .__|_| |_|_| |_\__, | / / / /
 =========|_|==============|___/=/_/_/_/
 :: Spring Boot ::                (v3.1.3)

2023-09-13T12:00:54.894-03:00  INFO 7368 --- [    Test worker] e.cashcard.CashCardApplicationTests      : Starting CashCardApplicationTests using Java 17.0.8 with PID 7368 (started by murilodh in /home/murilodh/github-repos/REST-API-SpringBoot)
2023-09-13T12:00:54.896-03:00  INFO 7368 --- [    Test worker] e.cashcard.CashCardApplicationTests      : No active profile set, falling back to 1 default profile: "default"
2023-09-13T12:00:55.156-03:00  INFO 7368 --- [    Test worker] .s.d.r.c.RepositoryConfigurationDelegate : Bootstrapping Spring Data JDBC repositories in DEFAULT mode.
2023-09-13T12:00:55.169-03:00  INFO 7368 --- [    Test worker] .s.d.r.c.RepositoryConfigurationDelegate : Finished Spring Data repository scanning in 12 ms. Found 1 JDBC repository interfaces.
2023-09-13T12:00:55.357-03:00  INFO 7368 --- [    Test worker] o.s.b.w.embedded.tomcat.TomcatWebServer  : Tomcat initialized with port(s): 0 (http)
2023-09-13T12:00:55.358-03:00  INFO 7368 --- [    Test worker] o.apache.catalina.core.StandardService   : Starting service [Tomcat]
2023-09-13T12:00:55.365-03:00  INFO 7368 --- [    Test worker] o.apache.catalina.core.StandardEngine    : Starting Servlet engine: [Apache Tomcat/10.1.12]
2023-09-13T12:00:55.387-03:00  INFO 7368 --- [    Test worker] o.a.c.c.C.[Tomcat].[localhost].[/]       : Initializing Spring embedded WebApplicationContext
2023-09-13T12:00:55.387-03:00  INFO 7368 --- [    Test worker] w.s.c.ServletWebServerApplicationContext : Root WebApplicationContext: initialization completed in 484 ms
2023-09-13T12:00:55.429-03:00  INFO 7368 --- [    Test worker] o.s.j.d.e.EmbeddedDatabaseFactory        : Starting embedded database: url='jdbc:h2:mem:0d12f0c3-0c8d-428c-954d-585a3bfe9e5e;DB_CLOSE_DELAY=-1;DB_CLOSE_ON_EXIT=false', username='sa'
2023-09-13T12:00:55.768-03:00  INFO 7368 --- [    Test worker] o.s.s.web.DefaultSecurityFilterChain     : Will secure any request with [org.springframework.security.web.session.DisableEncodeUrlFilter@29bf90fc, org.springframework.security.web.context.request.async.WebAsyncManagerIntegrationFilter@6e22d6bf, org.springframework.security.web.context.SecurityContextHolderFilter@b6b746b, org.springframework.security.web.header.HeaderWriterFilter@49322d04, org.springframework.security.web.authentication.logout.LogoutFilter@5eae392d, org.springframework.security.web.authentication.www.BasicAuthenticationFilter@6f7a65e, org.springframework.security.web.savedrequest.RequestCacheAwareFilter@55d8f6bb, org.springframework.security.web.servletapi.SecurityContextHolderAwareRequestFilter@56b48163, org.springframework.security.web.authentication.AnonymousAuthenticationFilter@32121140, org.springframework.security.web.access.ExceptionTranslationFilter@633c0a61, org.springframework.security.web.access.intercept.AuthorizationFilter@3e1c5e0d]
2023-09-13T12:00:55.879-03:00  INFO 7368 --- [    Test worker] o.s.b.w.embedded.tomcat.TomcatWebServer  : Tomcat started on port(s): 41353 (http) with context path ''
2023-09-13T12:00:55.885-03:00  INFO 7368 --- [    Test worker] e.cashcard.CashCardApplicationTests      : Started CashCardApplicationTests in 1.098 seconds (process running for 8.854)
2023-09-13T12:00:55.902-03:00  INFO 7368 --- [o-auto-2-exec-1] o.a.c.c.C.[Tomcat].[localhost].[/]       : Initializing Spring DispatcherServlet 'dispatcherServlet'
2023-09-13T12:00:55.903-03:00  INFO 7368 --- [o-auto-2-exec-1] o.s.web.servlet.DispatcherServlet        : Initializing Servlet 'dispatcherServlet'
2023-09-13T12:00:55.903-03:00  INFO 7368 --- [o-auto-2-exec-1] o.s.web.servlet.DispatcherServlet        : Completed initialization in 0 ms
2023-09-13T12:00:56.452-03:00  INFO 7368 --- [    Test worker] o.apache.catalina.core.StandardService   : Stopping service [Tomcat]
2023-09-13T12:00:56.453-03:00  INFO 7368 --- [    Test worker] o.a.c.c.C.[Tomcat].[localhost].[/]       : Destroying Spring FrameworkServlet 'dispatcherServlet'
2023-09-13T12:00:56.458-03:00  INFO 7368 --- [    Test worker] o.s.j.d.e.EmbeddedDatabaseFactory        : Shutting down embedded database: url='jdbc:h2:mem:0d12f0c3-0c8d-428c-954d-585a3bfe9e5e;DB_CLOSE_DELAY=-1;DB_CLOSE_ON_EXIT=false'

  .   ____          _            __ _ _
 /\\ / ___'_ __ _ _(_)_ __  __ _ \ \ \ \
( ( )\___ | '_ | '_| | '_ \/ _` | \ \ \ \
 \\/  ___)| |_)| | | | | || (_| |  ) ) ) )
  '  |____| .__|_| |_|_| |_\__, | / / / /
 =========|_|==============|___/=/_/_/_/
 :: Spring Boot ::                (v3.1.3)

2023-09-13T12:00:56.679-03:00  INFO 7368 --- [    Test worker] e.cashcard.CashCardApplicationTests      : Starting CashCardApplicationTests using Java 17.0.8 with PID 7368 (started by murilodh in /home/murilodh/github-repos/REST-API-SpringBoot)
2023-09-13T12:00:56.679-03:00  INFO 7368 --- [    Test worker] e.cashcard.CashCardApplicationTests      : No active profile set, falling back to 1 default profile: "default"
2023-09-13T12:00:56.812-03:00  INFO 7368 --- [    Test worker] .s.d.r.c.RepositoryConfigurationDelegate : Bootstrapping Spring Data JDBC repositories in DEFAULT mode.
2023-09-13T12:00:56.817-03:00  INFO 7368 --- [    Test worker] .s.d.r.c.RepositoryConfigurationDelegate : Finished Spring Data repository scanning in 4 ms. Found 1 JDBC repository interfaces.
2023-09-13T12:00:56.895-03:00  INFO 7368 --- [    Test worker] o.s.b.w.embedded.tomcat.TomcatWebServer  : Tomcat initialized with port(s): 0 (http)
2023-09-13T12:00:56.897-03:00  INFO 7368 --- [    Test worker] o.apache.catalina.core.StandardService   : Starting service [Tomcat]
2023-09-13T12:00:56.898-03:00  INFO 7368 --- [    Test worker] o.apache.catalina.core.StandardEngine    : Starting Servlet engine: [Apache Tomcat/10.1.12]
2023-09-13T12:00:56.928-03:00  INFO 7368 --- [    Test worker] o.a.c.c.C.[Tomcat].[localhost].[/]       : Initializing Spring embedded WebApplicationContext
2023-09-13T12:00:56.929-03:00  INFO 7368 --- [    Test worker] w.s.c.ServletWebServerApplicationContext : Root WebApplicationContext: initialization completed in 248 ms
2023-09-13T12:00:56.953-03:00  INFO 7368 --- [    Test worker] o.s.j.d.e.EmbeddedDatabaseFactory        : Starting embedded database: url='jdbc:h2:mem:ee56855c-05df-4b65-b6a2-42ae21e642be;DB_CLOSE_DELAY=-1;DB_CLOSE_ON_EXIT=false', username='sa'
2023-09-13T12:00:57.236-03:00  INFO 7368 --- [    Test worker] o.s.s.web.DefaultSecurityFilterChain     : Will secure any request with [org.springframework.security.web.session.DisableEncodeUrlFilter@5a941fb4, org.springframework.security.web.context.request.async.WebAsyncManagerIntegrationFilter@646ddc20, org.springframework.security.web.context.SecurityContextHolderFilter@34be7efb, org.springframework.security.web.header.HeaderWriterFilter@3889c343, org.springframework.security.web.authentication.logout.LogoutFilter@220e1b7b, org.springframework.security.web.authentication.www.BasicAuthenticationFilter@893081e, org.springframework.security.web.savedrequest.RequestCacheAwareFilter@136cad3e, org.springframework.security.web.servletapi.SecurityContextHolderAwareRequestFilter@13e5b262, org.springframework.security.web.authentication.AnonymousAuthenticationFilter@22561412, org.springframework.security.web.access.ExceptionTranslationFilter@61ec2cb5, org.springframework.security.web.access.intercept.AuthorizationFilter@6a358906]
2023-09-13T12:00:57.284-03:00  INFO 7368 --- [    Test worker] o.s.b.w.embedded.tomcat.TomcatWebServer  : Tomcat started on port(s): 33733 (http) with context path ''
2023-09-13T12:00:57.290-03:00  INFO 7368 --- [    Test worker] e.cashcard.CashCardApplicationTests      : Started CashCardApplicationTests in 0.629 seconds (process running for 10.259)
2023-09-13T12:00:57.305-03:00  INFO 7368 --- [o-auto-3-exec-1] o.a.c.c.C.[Tomcat].[localhost].[/]       : Initializing Spring DispatcherServlet 'dispatcherServlet'
2023-09-13T12:00:57.306-03:00  INFO 7368 --- [o-auto-3-exec-1] o.s.web.servlet.DispatcherServlet        : Initializing Servlet 'dispatcherServlet'
2023-09-13T12:00:57.307-03:00  INFO 7368 --- [o-auto-3-exec-1] o.s.web.servlet.DispatcherServlet        : Completed initialization in 1 ms
]]></system-out>
  <system-err><![CDATA[]]></system-err>
</testsuite>
