<?xml version="1.0" encoding="UTF-8"?>
<testsuite name="example.cashcard.CashCardApplicationTests" tests="10" skipped="0" failures="0" errors="0" timestamp="2023-09-13T14:37:21" hostname="murilo-20fma00f00" time="4.311">
  <properties/>
  <testcase name="shouldReturnASortedPageOfCashCards()" classname="example.cashcard.CashCardApplicationTests" time="1.481"/>
  <testcase name="shouldNotAllowAccessToCashCardsTheyDoNotOwn()" classname="example.cashcard.CashCardApplicationTests" time="0.126"/>
  <testcase name="shouldReturnACashCardWhenDataIsSaved()" classname="example.cashcard.CashCardApplicationTests" time="0.119"/>
  <testcase name="shouldCreateANewCashCard()" classname="example.cashcard.CashCardApplicationTests" time="0.549"/>
  <testcase name="shouldRejectUsersWhoAreNotCardOwners()" classname="example.cashcard.CashCardApplicationTests" time="0.206"/>
  <testcase name="shouldReturnAPageOfCashCards()" classname="example.cashcard.CashCardApplicationTests" time="0.123"/>
  <testcase name="shouldNotReturnACashCardWhenUsingBadCredentials()" classname="example.cashcard.CashCardApplicationTests" time="0.216"/>
  <testcase name="shouldReturnAllCashCardsWhenListIsRequested()" classname="example.cashcard.CashCardApplicationTests" time="0.128"/>
  <testcase name="shouldReturnASortedPageOfCashCardsWithNoParametersAndUseDefaultValues()" classname="example.cashcard.CashCardApplicationTests" time="0.11"/>
  <testcase name="shouldNotReturnACashCardWithAnUnknownId()" classname="example.cashcard.CashCardApplicationTests" time="0.112"/>
  <system-out><![CDATA[11:37:17.265 [Test worker] INFO org.springframework.test.context.support.AnnotationConfigContextLoaderUtils -- Could not detect default configuration classes for test class [example.cashcard.CashCardApplicationTests]: CashCardApplicationTests does not declare any static, non-private, non-final, nested classes annotated with @Configuration.
11:37:17.427 [Test worker] INFO org.springframework.boot.test.context.SpringBootTestContextBootstrapper -- Found @SpringBootConfiguration example.cashcard.CashCardApplication for test class example.cashcard.CashCardApplicationTests

  .   ____          _            __ _ _
 /\\ / ___'_ __ _ _(_)_ __  __ _ \ \ \ \
( ( )\___ | '_ | '_| | '_ \/ _` | \ \ \ \
 \\/  ___)| |_)| | | | | || (_| |  ) ) ) )
  '  |____| .__|_| |_|_| |_\__, | / / / /
 =========|_|==============|___/=/_/_/_/
 :: Spring Boot ::                (v3.1.3)

2023-09-13T11:37:17.970-03:00  INFO 6296 --- [    Test worker] e.cashcard.CashCardApplicationTests      : Starting CashCardApplicationTests using Java 17.0.8 with PID 6296 (started by murilodh in /home/murilodh/github-repos/REST-API-SpringBoot)
2023-09-13T11:37:17.975-03:00  INFO 6296 --- [    Test worker] e.cashcard.CashCardApplicationTests      : No active profile set, falling back to 1 default profile: "default"
2023-09-13T11:37:18.873-03:00  INFO 6296 --- [    Test worker] .s.d.r.c.RepositoryConfigurationDelegate : Bootstrapping Spring Data JDBC repositories in DEFAULT mode.
2023-09-13T11:37:18.935-03:00  INFO 6296 --- [    Test worker] .s.d.r.c.RepositoryConfigurationDelegate : Finished Spring Data repository scanning in 58 ms. Found 1 JDBC repository interfaces.
2023-09-13T11:37:19.586-03:00  INFO 6296 --- [    Test worker] o.s.b.w.embedded.tomcat.TomcatWebServer  : Tomcat initialized with port(s): 0 (http)
2023-09-13T11:37:19.600-03:00  INFO 6296 --- [    Test worker] o.apache.catalina.core.StandardService   : Starting service [Tomcat]
2023-09-13T11:37:19.602-03:00  INFO 6296 --- [    Test worker] o.apache.catalina.core.StandardEngine    : Starting Servlet engine: [Apache Tomcat/10.1.12]
2023-09-13T11:37:19.719-03:00  INFO 6296 --- [    Test worker] o.a.c.c.C.[Tomcat].[localhost].[/]       : Initializing Spring embedded WebApplicationContext
2023-09-13T11:37:19.721-03:00  INFO 6296 --- [    Test worker] w.s.c.ServletWebServerApplicationContext : Root WebApplicationContext: initialization completed in 1708 ms
2023-09-13T11:37:19.833-03:00  INFO 6296 --- [    Test worker] o.s.j.d.e.EmbeddedDatabaseFactory        : Starting embedded database: url='jdbc:h2:mem:4e6fa452-2dde-4941-a54d-c90a588036a2;DB_CLOSE_DELAY=-1;DB_CLOSE_ON_EXIT=false', username='sa'
2023-09-13T11:37:20.926-03:00  INFO 6296 --- [    Test worker] o.s.s.web.DefaultSecurityFilterChain     : Will secure any request with [org.springframework.security.web.session.DisableEncodeUrlFilter@e72fb04, org.springframework.security.web.context.request.async.WebAsyncManagerIntegrationFilter@1533338c, org.springframework.security.web.context.SecurityContextHolderFilter@3e4afd10, org.springframework.security.web.header.HeaderWriterFilter@4ffa7041, org.springframework.security.web.authentication.logout.LogoutFilter@36cfe107, org.springframework.security.web.authentication.www.BasicAuthenticationFilter@3e04abc5, org.springframework.security.web.savedrequest.RequestCacheAwareFilter@20faaf77, org.springframework.security.web.servletapi.SecurityContextHolderAwareRequestFilter@3d53e876, org.springframework.security.web.authentication.AnonymousAuthenticationFilter@4315fe1b, org.springframework.security.web.access.ExceptionTranslationFilter@1224e1b6, org.springframework.security.web.access.intercept.AuthorizationFilter@ff4b223]
2023-09-13T11:37:21.137-03:00  INFO 6296 --- [    Test worker] o.s.b.w.embedded.tomcat.TomcatWebServer  : Tomcat started on port(s): 42123 (http) with context path ''
2023-09-13T11:37:21.155-03:00  INFO 6296 --- [    Test worker] e.cashcard.CashCardApplicationTests      : Started CashCardApplicationTests in 3.561 seconds (process running for 4.935)
2023-09-13T11:37:22.143-03:00  INFO 6296 --- [o-auto-1-exec-1] o.a.c.c.C.[Tomcat].[localhost].[/]       : Initializing Spring DispatcherServlet 'dispatcherServlet'
2023-09-13T11:37:22.144-03:00  INFO 6296 --- [o-auto-1-exec-1] o.s.web.servlet.DispatcherServlet        : Initializing Servlet 'dispatcherServlet'
2023-09-13T11:37:22.145-03:00  INFO 6296 --- [o-auto-1-exec-1] o.s.web.servlet.DispatcherServlet        : Completed initialization in 1 ms
2023-09-13T11:37:23.235-03:00  INFO 6296 --- [    Test worker] o.apache.catalina.core.StandardService   : Stopping service [Tomcat]
2023-09-13T11:37:23.238-03:00  INFO 6296 --- [    Test worker] o.a.c.c.C.[Tomcat].[localhost].[/]       : Destroying Spring FrameworkServlet 'dispatcherServlet'
2023-09-13T11:37:23.253-03:00  INFO 6296 --- [    Test worker] o.s.j.d.e.EmbeddedDatabaseFactory        : Shutting down embedded database: url='jdbc:h2:mem:4e6fa452-2dde-4941-a54d-c90a588036a2;DB_CLOSE_DELAY=-1;DB_CLOSE_ON_EXIT=false'

  .   ____          _            __ _ _
 /\\ / ___'_ __ _ _(_)_ __  __ _ \ \ \ \
( ( )\___ | '_ | '_| | '_ \/ _` | \ \ \ \
 \\/  ___)| |_)| | | | | || (_| |  ) ) ) )
  '  |____| .__|_| |_|_| |_\__, | / / / /
 =========|_|==============|___/=/_/_/_/
 :: Spring Boot ::                (v3.1.3)

2023-09-13T11:37:23.490-03:00  INFO 6296 --- [    Test worker] e.cashcard.CashCardApplicationTests      : Starting CashCardApplicationTests using Java 17.0.8 with PID 6296 (started by murilodh in /home/murilodh/github-repos/REST-API-SpringBoot)
2023-09-13T11:37:23.491-03:00  INFO 6296 --- [    Test worker] e.cashcard.CashCardApplicationTests      : No active profile set, falling back to 1 default profile: "default"
2023-09-13T11:37:23.794-03:00  INFO 6296 --- [    Test worker] .s.d.r.c.RepositoryConfigurationDelegate : Bootstrapping Spring Data JDBC repositories in DEFAULT mode.
2023-09-13T11:37:23.800-03:00  INFO 6296 --- [    Test worker] .s.d.r.c.RepositoryConfigurationDelegate : Finished Spring Data repository scanning in 5 ms. Found 1 JDBC repository interfaces.
2023-09-13T11:37:23.963-03:00  INFO 6296 --- [    Test worker] o.s.b.w.embedded.tomcat.TomcatWebServer  : Tomcat initialized with port(s): 0 (http)
2023-09-13T11:37:23.965-03:00  INFO 6296 --- [    Test worker] o.apache.catalina.core.StandardService   : Starting service [Tomcat]
2023-09-13T11:37:23.965-03:00  INFO 6296 --- [    Test worker] o.apache.catalina.core.StandardEngine    : Starting Servlet engine: [Apache Tomcat/10.1.12]
2023-09-13T11:37:23.979-03:00  INFO 6296 --- [    Test worker] o.a.c.c.C.[Tomcat].[localhost].[/]       : Initializing Spring embedded WebApplicationContext
2023-09-13T11:37:23.979-03:00  INFO 6296 --- [    Test worker] w.s.c.ServletWebServerApplicationContext : Root WebApplicationContext: initialization completed in 485 ms
2023-09-13T11:37:24.012-03:00  INFO 6296 --- [    Test worker] o.s.j.d.e.EmbeddedDatabaseFactory        : Starting embedded database: url='jdbc:h2:mem:c1d26412-7c5f-4969-86e7-c3532657ff79;DB_CLOSE_DELAY=-1;DB_CLOSE_ON_EXIT=false', username='sa'
2023-09-13T11:37:24.433-03:00  INFO 6296 --- [    Test worker] o.s.s.web.DefaultSecurityFilterChain     : Will secure any request with [org.springframework.security.web.session.DisableEncodeUrlFilter@1b881f1f, org.springframework.security.web.context.request.async.WebAsyncManagerIntegrationFilter@51efdb72, org.springframework.security.web.context.SecurityContextHolderFilter@28100232, org.springframework.security.web.header.HeaderWriterFilter@22d47f09, org.springframework.security.web.authentication.logout.LogoutFilter@2a2815cc, org.springframework.security.web.authentication.www.BasicAuthenticationFilter@7164e28a, org.springframework.security.web.savedrequest.RequestCacheAwareFilter@26728255, org.springframework.security.web.servletapi.SecurityContextHolderAwareRequestFilter@32c8d67, org.springframework.security.web.authentication.AnonymousAuthenticationFilter@7bc6b117, org.springframework.security.web.access.ExceptionTranslationFilter@5dff108c, org.springframework.security.web.access.intercept.AuthorizationFilter@7fdabb3b]
2023-09-13T11:37:24.560-03:00  INFO 6296 --- [    Test worker] o.s.b.w.embedded.tomcat.TomcatWebServer  : Tomcat started on port(s): 38441 (http) with context path ''
2023-09-13T11:37:24.565-03:00  INFO 6296 --- [    Test worker] e.cashcard.CashCardApplicationTests      : Started CashCardApplicationTests in 1.104 seconds (process running for 8.345)
2023-09-13T11:37:24.584-03:00  INFO 6296 --- [o-auto-2-exec-1] o.a.c.c.C.[Tomcat].[localhost].[/]       : Initializing Spring DispatcherServlet 'dispatcherServlet'
2023-09-13T11:37:24.584-03:00  INFO 6296 --- [o-auto-2-exec-1] o.s.web.servlet.DispatcherServlet        : Initializing Servlet 'dispatcherServlet'
2023-09-13T11:37:24.585-03:00  INFO 6296 --- [o-auto-2-exec-1] o.s.web.servlet.DispatcherServlet        : Completed initialization in 1 ms
]]></system-out>
  <system-err><![CDATA[]]></system-err>
</testsuite>
