<?xml version="1.0" encoding="UTF-8"?>
<testsuite name="example.cashcard.CashCardApplicationTests" tests="12" skipped="0" failures="0" errors="0" timestamp="2023-09-13T15:08:02" hostname="murilo-20fma00f00" time="5.716">
  <properties/>
  <testcase name="shouldReturnASortedPageOfCashCards()" classname="example.cashcard.CashCardApplicationTests" time="1.527"/>
  <testcase name="shouldNotAllowAccessToCashCardsTheyDoNotOwn()" classname="example.cashcard.CashCardApplicationTests" time="0.128"/>
  <testcase name="shouldReturnACashCardWhenDataIsSaved()" classname="example.cashcard.CashCardApplicationTests" time="0.104"/>
  <testcase name="shouldCreateANewCashCard()" classname="example.cashcard.CashCardApplicationTests" time="0.542"/>
  <testcase name="shouldRejectUsersWhoAreNotCardOwners()" classname="example.cashcard.CashCardApplicationTests" time="0.207"/>
  <testcase name="shouldReturnAPageOfCashCards()" classname="example.cashcard.CashCardApplicationTests" time="0.123"/>
  <testcase name="shouldUpdateAnExistingCashCard()" classname="example.cashcard.CashCardApplicationTests" time="0.43"/>
  <testcase name="shouldNotUpdateACashCardThatDoesNotExist()" classname="example.cashcard.CashCardApplicationTests" time="0.224"/>
  <testcase name="shouldNotReturnACashCardWhenUsingBadCredentials()" classname="example.cashcard.CashCardApplicationTests" time="0.202"/>
  <testcase name="shouldReturnAllCashCardsWhenListIsRequested()" classname="example.cashcard.CashCardApplicationTests" time="0.125"/>
  <testcase name="shouldReturnASortedPageOfCashCardsWithNoParametersAndUseDefaultValues()" classname="example.cashcard.CashCardApplicationTests" time="0.129"/>
  <testcase name="shouldNotReturnACashCardWithAnUnknownId()" classname="example.cashcard.CashCardApplicationTests" time="0.116"/>
  <system-out><![CDATA[12:07:58.921 [Test worker] INFO org.springframework.test.context.support.AnnotationConfigContextLoaderUtils -- Could not detect default configuration classes for test class [example.cashcard.CashCardApplicationTests]: CashCardApplicationTests does not declare any static, non-private, non-final, nested classes annotated with @Configuration.
12:07:59.098 [Test worker] INFO org.springframework.boot.test.context.SpringBootTestContextBootstrapper -- Found @SpringBootConfiguration example.cashcard.CashCardApplication for test class example.cashcard.CashCardApplicationTests

  .   ____          _            __ _ _
 /\\ / ___'_ __ _ _(_)_ __  __ _ \ \ \ \
( ( )\___ | '_ | '_| | '_ \/ _` | \ \ \ \
 \\/  ___)| |_)| | | | | || (_| |  ) ) ) )
  '  |____| .__|_| |_|_| |_\__, | / / / /
 =========|_|==============|___/=/_/_/_/
 :: Spring Boot ::                (v3.1.3)

2023-09-13T12:07:59.569-03:00  INFO 8282 --- [    Test worker] e.cashcard.CashCardApplicationTests      : Starting CashCardApplicationTests using Java 17.0.8 with PID 8282 (started by murilodh in /home/murilodh/github-repos/REST-API-SpringBoot)
2023-09-13T12:07:59.579-03:00  INFO 8282 --- [    Test worker] e.cashcard.CashCardApplicationTests      : No active profile set, falling back to 1 default profile: "default"
2023-09-13T12:08:00.424-03:00  INFO 8282 --- [    Test worker] .s.d.r.c.RepositoryConfigurationDelegate : Bootstrapping Spring Data JDBC repositories in DEFAULT mode.
2023-09-13T12:08:00.487-03:00  INFO 8282 --- [    Test worker] .s.d.r.c.RepositoryConfigurationDelegate : Finished Spring Data repository scanning in 58 ms. Found 1 JDBC repository interfaces.
2023-09-13T12:08:01.157-03:00  INFO 8282 --- [    Test worker] o.s.b.w.embedded.tomcat.TomcatWebServer  : Tomcat initialized with port(s): 0 (http)
2023-09-13T12:08:01.168-03:00  INFO 8282 --- [    Test worker] o.apache.catalina.core.StandardService   : Starting service [Tomcat]
2023-09-13T12:08:01.169-03:00  INFO 8282 --- [    Test worker] o.apache.catalina.core.StandardEngine    : Starting Servlet engine: [Apache Tomcat/10.1.12]
2023-09-13T12:08:01.291-03:00  INFO 8282 --- [    Test worker] o.a.c.c.C.[Tomcat].[localhost].[/]       : Initializing Spring embedded WebApplicationContext
2023-09-13T12:08:01.293-03:00  INFO 8282 --- [    Test worker] w.s.c.ServletWebServerApplicationContext : Root WebApplicationContext: initialization completed in 1685 ms
2023-09-13T12:08:01.398-03:00  INFO 8282 --- [    Test worker] o.s.j.d.e.EmbeddedDatabaseFactory        : Starting embedded database: url='jdbc:h2:mem:1cfd071b-a2c1-4504-ad24-6541117ce68a;DB_CLOSE_DELAY=-1;DB_CLOSE_ON_EXIT=false', username='sa'
2023-09-13T12:08:02.565-03:00  INFO 8282 --- [    Test worker] o.s.s.web.DefaultSecurityFilterChain     : Will secure any request with [org.springframework.security.web.session.DisableEncodeUrlFilter@365e65bb, org.springframework.security.web.context.request.async.WebAsyncManagerIntegrationFilter@52f43225, org.springframework.security.web.context.SecurityContextHolderFilter@2f99d8c, org.springframework.security.web.header.HeaderWriterFilter@1ddf42dd, org.springframework.security.web.authentication.logout.LogoutFilter@61c87f1b, org.springframework.security.web.authentication.www.BasicAuthenticationFilter@42b4df5a, org.springframework.security.web.savedrequest.RequestCacheAwareFilter@5d37aa0f, org.springframework.security.web.servletapi.SecurityContextHolderAwareRequestFilter@72a3462f, org.springframework.security.web.authentication.AnonymousAuthenticationFilter@55d1f065, org.springframework.security.web.access.ExceptionTranslationFilter@318e3942, org.springframework.security.web.access.intercept.AuthorizationFilter@18dac12f]
2023-09-13T12:08:02.816-03:00  INFO 8282 --- [    Test worker] o.s.b.w.embedded.tomcat.TomcatWebServer  : Tomcat started on port(s): 35009 (http) with context path ''
2023-09-13T12:08:02.824-03:00  INFO 8282 --- [    Test worker] e.cashcard.CashCardApplicationTests      : Started CashCardApplicationTests in 3.55 seconds (process running for 5.069)
2023-09-13T12:08:03.839-03:00  INFO 8282 --- [o-auto-1-exec-1] o.a.c.c.C.[Tomcat].[localhost].[/]       : Initializing Spring DispatcherServlet 'dispatcherServlet'
2023-09-13T12:08:03.845-03:00  INFO 8282 --- [o-auto-1-exec-1] o.s.web.servlet.DispatcherServlet        : Initializing Servlet 'dispatcherServlet'
2023-09-13T12:08:03.846-03:00  INFO 8282 --- [o-auto-1-exec-1] o.s.web.servlet.DispatcherServlet        : Completed initialization in 1 ms
2023-09-13T12:08:04.920-03:00  INFO 8282 --- [    Test worker] o.apache.catalina.core.StandardService   : Stopping service [Tomcat]
2023-09-13T12:08:04.921-03:00  INFO 8282 --- [    Test worker] o.a.c.c.C.[Tomcat].[localhost].[/]       : Destroying Spring FrameworkServlet 'dispatcherServlet'
2023-09-13T12:08:04.933-03:00  INFO 8282 --- [    Test worker] o.s.j.d.e.EmbeddedDatabaseFactory        : Shutting down embedded database: url='jdbc:h2:mem:1cfd071b-a2c1-4504-ad24-6541117ce68a;DB_CLOSE_DELAY=-1;DB_CLOSE_ON_EXIT=false'

  .   ____          _            __ _ _
 /\\ / ___'_ __ _ _(_)_ __  __ _ \ \ \ \
( ( )\___ | '_ | '_| | '_ \/ _` | \ \ \ \
 \\/  ___)| |_)| | | | | || (_| |  ) ) ) )
  '  |____| .__|_| |_|_| |_\__, | / / / /
 =========|_|==============|___/=/_/_/_/
 :: Spring Boot ::                (v3.1.3)

2023-09-13T12:08:05.258-03:00  INFO 8282 --- [    Test worker] e.cashcard.CashCardApplicationTests      : Starting CashCardApplicationTests using Java 17.0.8 with PID 8282 (started by murilodh in /home/murilodh/github-repos/REST-API-SpringBoot)
2023-09-13T12:08:05.258-03:00  INFO 8282 --- [    Test worker] e.cashcard.CashCardApplicationTests      : No active profile set, falling back to 1 default profile: "default"
2023-09-13T12:08:05.577-03:00  INFO 8282 --- [    Test worker] .s.d.r.c.RepositoryConfigurationDelegate : Bootstrapping Spring Data JDBC repositories in DEFAULT mode.
2023-09-13T12:08:05.589-03:00  INFO 8282 --- [    Test worker] .s.d.r.c.RepositoryConfigurationDelegate : Finished Spring Data repository scanning in 11 ms. Found 1 JDBC repository interfaces.
2023-09-13T12:08:05.745-03:00  INFO 8282 --- [    Test worker] o.s.b.w.embedded.tomcat.TomcatWebServer  : Tomcat initialized with port(s): 0 (http)
2023-09-13T12:08:05.746-03:00  INFO 8282 --- [    Test worker] o.apache.catalina.core.StandardService   : Starting service [Tomcat]
2023-09-13T12:08:05.746-03:00  INFO 8282 --- [    Test worker] o.apache.catalina.core.StandardEngine    : Starting Servlet engine: [Apache Tomcat/10.1.12]
2023-09-13T12:08:05.770-03:00  INFO 8282 --- [    Test worker] o.a.c.c.C.[Tomcat].[localhost].[/]       : Initializing Spring embedded WebApplicationContext
2023-09-13T12:08:05.770-03:00  INFO 8282 --- [    Test worker] w.s.c.ServletWebServerApplicationContext : Root WebApplicationContext: initialization completed in 504 ms
2023-09-13T12:08:05.806-03:00  INFO 8282 --- [    Test worker] o.s.j.d.e.EmbeddedDatabaseFactory        : Starting embedded database: url='jdbc:h2:mem:a16804c8-15a7-4cfa-820f-746356fc397d;DB_CLOSE_DELAY=-1;DB_CLOSE_ON_EXIT=false', username='sa'
2023-09-13T12:08:06.156-03:00  INFO 8282 --- [    Test worker] o.s.s.web.DefaultSecurityFilterChain     : Will secure any request with [org.springframework.security.web.session.DisableEncodeUrlFilter@2a2815cc, org.springframework.security.web.context.request.async.WebAsyncManagerIntegrationFilter@18fa5af6, org.springframework.security.web.context.SecurityContextHolderFilter@af007d6, org.springframework.security.web.header.HeaderWriterFilter@7c50709a, org.springframework.security.web.authentication.logout.LogoutFilter@28100232, org.springframework.security.web.authentication.www.BasicAuthenticationFilter@281963c, org.springframework.security.web.savedrequest.RequestCacheAwareFilter@a20898c, org.springframework.security.web.servletapi.SecurityContextHolderAwareRequestFilter@5dff108c, org.springframework.security.web.authentication.AnonymousAuthenticationFilter@7fdabb3b, org.springframework.security.web.access.ExceptionTranslationFilter@268e30d4, org.springframework.security.web.access.intercept.AuthorizationFilter@32c8d67]
2023-09-13T12:08:06.211-03:00  INFO 8282 --- [    Test worker] o.s.b.w.embedded.tomcat.TomcatWebServer  : Tomcat started on port(s): 36471 (http) with context path ''
2023-09-13T12:08:06.218-03:00  INFO 8282 --- [    Test worker] e.cashcard.CashCardApplicationTests      : Started CashCardApplicationTests in 1.072 seconds (process running for 8.463)
2023-09-13T12:08:06.235-03:00  INFO 8282 --- [o-auto-2-exec-1] o.a.c.c.C.[Tomcat].[localhost].[/]       : Initializing Spring DispatcherServlet 'dispatcherServlet'
2023-09-13T12:08:06.235-03:00  INFO 8282 --- [o-auto-2-exec-1] o.s.web.servlet.DispatcherServlet        : Initializing Servlet 'dispatcherServlet'
2023-09-13T12:08:06.236-03:00  INFO 8282 --- [o-auto-2-exec-1] o.s.web.servlet.DispatcherServlet        : Completed initialization in 1 ms
2023-09-13T12:08:06.782-03:00  INFO 8282 --- [    Test worker] o.apache.catalina.core.StandardService   : Stopping service [Tomcat]
2023-09-13T12:08:06.783-03:00  INFO 8282 --- [    Test worker] o.a.c.c.C.[Tomcat].[localhost].[/]       : Destroying Spring FrameworkServlet 'dispatcherServlet'
2023-09-13T12:08:06.789-03:00  INFO 8282 --- [    Test worker] o.s.j.d.e.EmbeddedDatabaseFactory        : Shutting down embedded database: url='jdbc:h2:mem:a16804c8-15a7-4cfa-820f-746356fc397d;DB_CLOSE_DELAY=-1;DB_CLOSE_ON_EXIT=false'

  .   ____          _            __ _ _
 /\\ / ___'_ __ _ _(_)_ __  __ _ \ \ \ \
( ( )\___ | '_ | '_| | '_ \/ _` | \ \ \ \
 \\/  ___)| |_)| | | | | || (_| |  ) ) ) )
  '  |____| .__|_| |_|_| |_\__, | / / / /
 =========|_|==============|___/=/_/_/_/
 :: Spring Boot ::                (v3.1.3)

2023-09-13T12:08:07.039-03:00  INFO 8282 --- [    Test worker] e.cashcard.CashCardApplicationTests      : Starting CashCardApplicationTests using Java 17.0.8 with PID 8282 (started by murilodh in /home/murilodh/github-repos/REST-API-SpringBoot)
2023-09-13T12:08:07.042-03:00  INFO 8282 --- [    Test worker] e.cashcard.CashCardApplicationTests      : No active profile set, falling back to 1 default profile: "default"
2023-09-13T12:08:07.253-03:00  INFO 8282 --- [    Test worker] .s.d.r.c.RepositoryConfigurationDelegate : Bootstrapping Spring Data JDBC repositories in DEFAULT mode.
2023-09-13T12:08:07.258-03:00  INFO 8282 --- [    Test worker] .s.d.r.c.RepositoryConfigurationDelegate : Finished Spring Data repository scanning in 4 ms. Found 1 JDBC repository interfaces.
2023-09-13T12:08:07.322-03:00  INFO 8282 --- [    Test worker] o.s.b.w.embedded.tomcat.TomcatWebServer  : Tomcat initialized with port(s): 0 (http)
2023-09-13T12:08:07.323-03:00  INFO 8282 --- [    Test worker] o.apache.catalina.core.StandardService   : Starting service [Tomcat]
2023-09-13T12:08:07.323-03:00  INFO 8282 --- [    Test worker] o.apache.catalina.core.StandardEngine    : Starting Servlet engine: [Apache Tomcat/10.1.12]
2023-09-13T12:08:07.333-03:00  INFO 8282 --- [    Test worker] o.a.c.c.C.[Tomcat].[localhost].[/]       : Initializing Spring embedded WebApplicationContext
2023-09-13T12:08:07.333-03:00  INFO 8282 --- [    Test worker] w.s.c.ServletWebServerApplicationContext : Root WebApplicationContext: initialization completed in 284 ms
2023-09-13T12:08:07.351-03:00  INFO 8282 --- [    Test worker] o.s.j.d.e.EmbeddedDatabaseFactory        : Starting embedded database: url='jdbc:h2:mem:8cf804bd-4c0d-4f03-8681-ea1594b658fc;DB_CLOSE_DELAY=-1;DB_CLOSE_ON_EXIT=false', username='sa'
2023-09-13T12:08:07.675-03:00  INFO 8282 --- [    Test worker] o.s.s.web.DefaultSecurityFilterChain     : Will secure any request with [org.springframework.security.web.session.DisableEncodeUrlFilter@5a95aaae, org.springframework.security.web.context.request.async.WebAsyncManagerIntegrationFilter@519e67e, org.springframework.security.web.context.SecurityContextHolderFilter@23dda7a3, org.springframework.security.web.header.HeaderWriterFilter@f2b4303, org.springframework.security.web.authentication.logout.LogoutFilter@3dbb7bb, org.springframework.security.web.authentication.www.BasicAuthenticationFilter@42db3ff, org.springframework.security.web.savedrequest.RequestCacheAwareFilter@2d399e88, org.springframework.security.web.servletapi.SecurityContextHolderAwareRequestFilter@18139a43, org.springframework.security.web.authentication.AnonymousAuthenticationFilter@7402bfe7, org.springframework.security.web.access.ExceptionTranslationFilter@71689ee2, org.springframework.security.web.access.intercept.AuthorizationFilter@6632eb19]
2023-09-13T12:08:07.737-03:00  INFO 8282 --- [    Test worker] o.s.b.w.embedded.tomcat.TomcatWebServer  : Tomcat started on port(s): 42729 (http) with context path ''
2023-09-13T12:08:07.740-03:00  INFO 8282 --- [    Test worker] e.cashcard.CashCardApplicationTests      : Started CashCardApplicationTests in 0.746 seconds (process running for 9.985)
2023-09-13T12:08:07.761-03:00  INFO 8282 --- [o-auto-3-exec-1] o.a.c.c.C.[Tomcat].[localhost].[/]       : Initializing Spring DispatcherServlet 'dispatcherServlet'
2023-09-13T12:08:07.762-03:00  INFO 8282 --- [o-auto-3-exec-1] o.s.web.servlet.DispatcherServlet        : Initializing Servlet 'dispatcherServlet'
2023-09-13T12:08:07.763-03:00  INFO 8282 --- [o-auto-3-exec-1] o.s.web.servlet.DispatcherServlet        : Completed initialization in 0 ms
]]></system-out>
  <system-err><![CDATA[]]></system-err>
</testsuite>
