<?xml version="1.0" encoding="UTF-8"?>
<testsuite name="example.cashcard.CashcardApplicationTests" tests="1" skipped="0" failures="0" errors="0" timestamp="2023-09-12T14:42:58" hostname="murilo-20fma00f00" time="0.004">
  <properties/>
  <testcase name="contextLoads()" classname="example.cashcard.CashcardApplicationTests" time="0.004"/>
  <system-out><![CDATA[2023-09-12T11:42:57.916-03:00  INFO 5724 --- [    Test worker] t.c.s.AnnotationConfigContextLoaderUtils : Could not detect default configuration classes for test class [example.cashcard.CashcardApplicationTests]: CashcardApplicationTests does not declare any static, non-private, non-final, nested classes annotated with @Configuration.
2023-09-12T11:42:57.921-03:00  INFO 5724 --- [    Test worker] .b.t.c.SpringBootTestContextBootstrapper : Found @SpringBootConfiguration example.cashcard.CashcardApplication for test class example.cashcard.CashcardApplicationTests

  .   ____          _            __ _ _
 /\\ / ___'_ __ _ _(_)_ __  __ _ \ \ \ \
( ( )\___ | '_ | '_| | '_ \/ _` | \ \ \ \
 \\/  ___)| |_)| | | | | || (_| |  ) ) ) )
  '  |____| .__|_| |_|_| |_\__, | / / / /
 =========|_|==============|___/=/_/_/_/
 :: Spring Boot ::                (v3.1.3)

2023-09-12T11:42:57.981-03:00  INFO 5724 --- [    Test worker] e.cashcard.CashcardApplicationTests      : Starting CashcardApplicationTests using Java 17.0.8 with PID 5724 (started by murilodh in /home/murilodh/github-repos/REST-API-SpringBoot)
2023-09-12T11:42:57.981-03:00  INFO 5724 --- [    Test worker] e.cashcard.CashcardApplicationTests      : No active profile set, falling back to 1 default profile: "default"
2023-09-12T11:42:58.730-03:00  INFO 5724 --- [    Test worker] e.cashcard.CashcardApplicationTests      : Started CashcardApplicationTests in 0.79 seconds (process running for 4.442)
]]></system-out>
  <system-err><![CDATA[]]></system-err>
</testsuite>
