<?xml version="1.0" encoding="UTF-8"?>
<testsuite name="example.cashcard.CashCardApplicationTests" tests="12" skipped="0" failures="0" errors="0" timestamp="2023-09-13T15:04:36" hostname="murilo-20fma00f00" time="5.701">
  <properties/>
  <testcase name="shouldReturnASortedPageOfCashCards()" classname="example.cashcard.CashCardApplicationTests" time="1.524"/>
  <testcase name="shouldNotAllowAccessToCashCardsTheyDoNotOwn()" classname="example.cashcard.CashCardApplicationTests" time="0.147"/>
  <testcase name="shouldReturnACashCardWhenDataIsSaved()" classname="example.cashcard.CashCardApplicationTests" time="0.12"/>
  <testcase name="shouldCreateANewCashCard()" classname="example.cashcard.CashCardApplicationTests" time="0.532"/>
  <testcase name="shouldRejectUsersWhoAreNotCardOwners()" classname="example.cashcard.CashCardApplicationTests" time="0.21"/>
  <testcase name="shouldReturnAPageOfCashCards()" classname="example.cashcard.CashCardApplicationTests" time="0.164"/>
  <testcase name="shouldUpdateAnExistingCashCard()" classname="example.cashcard.CashCardApplicationTests" time="0.436"/>
  <testcase name="shouldNotUpdateACashCardThatDoesNotExist()" classname="example.cashcard.CashCardApplicationTests" time="0.218"/>
  <testcase name="shouldNotReturnACashCardWhenUsingBadCredentials()" classname="example.cashcard.CashCardApplicationTests" time="0.223"/>
  <testcase name="shouldReturnAllCashCardsWhenListIsRequested()" classname="example.cashcard.CashCardApplicationTests" time="0.124"/>
  <testcase name="shouldReturnASortedPageOfCashCardsWithNoParametersAndUseDefaultValues()" classname="example.cashcard.CashCardApplicationTests" time="0.112"/>
  <testcase name="shouldNotReturnACashCardWithAnUnknownId()" classname="example.cashcard.CashCardApplicationTests" time="0.111"/>
  <system-out><![CDATA[12:04:32.247 [Test worker] INFO org.springframework.test.context.support.AnnotationConfigContextLoaderUtils -- Could not detect default configuration classes for test class [example.cashcard.CashCardApplicationTests]: CashCardApplicationTests does not declare any static, non-private, non-final, nested classes annotated with @Configuration.
12:04:32.423 [Test worker] INFO org.springframework.boot.test.context.SpringBootTestContextBootstrapper -- Found @SpringBootConfiguration example.cashcard.CashCardApplication for test class example.cashcard.CashCardApplicationTests

  .   ____          _            __ _ _
 /\\ / ___'_ __ _ _(_)_ __  __ _ \ \ \ \
( ( )\___ | '_ | '_| | '_ \/ _` | \ \ \ \
 \\/  ___)| |_)| | | | | || (_| |  ) ) ) )
  '  |____| .__|_| |_|_| |_\__, | / / / /
 =========|_|==============|___/=/_/_/_/
 :: Spring Boot ::                (v3.1.3)

2023-09-13T12:04:32.886-03:00  INFO 7815 --- [    Test worker] e.cashcard.CashCardApplicationTests      : Starting CashCardApplicationTests using Java 17.0.8 with PID 7815 (started by murilodh in /home/murilodh/github-repos/REST-API-SpringBoot)
2023-09-13T12:04:32.888-03:00  INFO 7815 --- [    Test worker] e.cashcard.CashCardApplicationTests      : No active profile set, falling back to 1 default profile: "default"
2023-09-13T12:04:33.746-03:00  INFO 7815 --- [    Test worker] .s.d.r.c.RepositoryConfigurationDelegate : Bootstrapping Spring Data JDBC repositories in DEFAULT mode.
2023-09-13T12:04:33.805-03:00  INFO 7815 --- [    Test worker] .s.d.r.c.RepositoryConfigurationDelegate : Finished Spring Data repository scanning in 54 ms. Found 1 JDBC repository interfaces.
2023-09-13T12:04:34.526-03:00  INFO 7815 --- [    Test worker] o.s.b.w.embedded.tomcat.TomcatWebServer  : Tomcat initialized with port(s): 0 (http)
2023-09-13T12:04:34.537-03:00  INFO 7815 --- [    Test worker] o.apache.catalina.core.StandardService   : Starting service [Tomcat]
2023-09-13T12:04:34.539-03:00  INFO 7815 --- [    Test worker] o.apache.catalina.core.StandardEngine    : Starting Servlet engine: [Apache Tomcat/10.1.12]
2023-09-13T12:04:34.678-03:00  INFO 7815 --- [    Test worker] o.a.c.c.C.[Tomcat].[localhost].[/]       : Initializing Spring embedded WebApplicationContext
2023-09-13T12:04:34.681-03:00  INFO 7815 --- [    Test worker] w.s.c.ServletWebServerApplicationContext : Root WebApplicationContext: initialization completed in 1753 ms
2023-09-13T12:04:34.813-03:00  INFO 7815 --- [    Test worker] o.s.j.d.e.EmbeddedDatabaseFactory        : Starting embedded database: url='jdbc:h2:mem:ef08b48a-bdca-4397-8210-396d54f45613;DB_CLOSE_DELAY=-1;DB_CLOSE_ON_EXIT=false', username='sa'
2023-09-13T12:04:35.955-03:00  INFO 7815 --- [    Test worker] o.s.s.web.DefaultSecurityFilterChain     : Will secure any request with [org.springframework.security.web.session.DisableEncodeUrlFilter@7e4ac598, org.springframework.security.web.context.request.async.WebAsyncManagerIntegrationFilter@cf10c92, org.springframework.security.web.context.SecurityContextHolderFilter@f48a080, org.springframework.security.web.header.HeaderWriterFilter@69a73867, org.springframework.security.web.authentication.logout.LogoutFilter@4aac81ca, org.springframework.security.web.authentication.www.BasicAuthenticationFilter@69b37f5c, org.springframework.security.web.savedrequest.RequestCacheAwareFilter@401ec794, org.springframework.security.web.servletapi.SecurityContextHolderAwareRequestFilter@4809c771, org.springframework.security.web.authentication.AnonymousAuthenticationFilter@f76872f, org.springframework.security.web.access.ExceptionTranslationFilter@6c70b7c3, org.springframework.security.web.access.intercept.AuthorizationFilter@34e990cc]
2023-09-13T12:04:36.200-03:00  INFO 7815 --- [    Test worker] o.s.b.w.embedded.tomcat.TomcatWebServer  : Tomcat started on port(s): 43529 (http) with context path ''
2023-09-13T12:04:36.215-03:00  INFO 7815 --- [    Test worker] e.cashcard.CashCardApplicationTests      : Started CashCardApplicationTests in 3.636 seconds (process running for 5.277)
2023-09-13T12:04:37.217-03:00  INFO 7815 --- [o-auto-1-exec-1] o.a.c.c.C.[Tomcat].[localhost].[/]       : Initializing Spring DispatcherServlet 'dispatcherServlet'
2023-09-13T12:04:37.221-03:00  INFO 7815 --- [o-auto-1-exec-1] o.s.web.servlet.DispatcherServlet        : Initializing Servlet 'dispatcherServlet'
2023-09-13T12:04:37.223-03:00  INFO 7815 --- [o-auto-1-exec-1] o.s.web.servlet.DispatcherServlet        : Completed initialization in 1 ms
2023-09-13T12:04:38.331-03:00  INFO 7815 --- [    Test worker] o.apache.catalina.core.StandardService   : Stopping service [Tomcat]
2023-09-13T12:04:38.338-03:00  INFO 7815 --- [    Test worker] o.a.c.c.C.[Tomcat].[localhost].[/]       : Destroying Spring FrameworkServlet 'dispatcherServlet'
2023-09-13T12:04:38.354-03:00  INFO 7815 --- [    Test worker] o.s.j.d.e.EmbeddedDatabaseFactory        : Shutting down embedded database: url='jdbc:h2:mem:ef08b48a-bdca-4397-8210-396d54f45613;DB_CLOSE_DELAY=-1;DB_CLOSE_ON_EXIT=false'

  .   ____          _            __ _ _
 /\\ / ___'_ __ _ _(_)_ __  __ _ \ \ \ \
( ( )\___ | '_ | '_| | '_ \/ _` | \ \ \ \
 \\/  ___)| |_)| | | | | || (_| |  ) ) ) )
  '  |____| .__|_| |_|_| |_\__, | / / / /
 =========|_|==============|___/=/_/_/_/
 :: Spring Boot ::                (v3.1.3)

2023-09-13T12:04:38.581-03:00  INFO 7815 --- [    Test worker] e.cashcard.CashCardApplicationTests      : Starting CashCardApplicationTests using Java 17.0.8 with PID 7815 (started by murilodh in /home/murilodh/github-repos/REST-API-SpringBoot)
2023-09-13T12:04:38.581-03:00  INFO 7815 --- [    Test worker] e.cashcard.CashCardApplicationTests      : No active profile set, falling back to 1 default profile: "default"
2023-09-13T12:04:38.861-03:00  INFO 7815 --- [    Test worker] .s.d.r.c.RepositoryConfigurationDelegate : Bootstrapping Spring Data JDBC repositories in DEFAULT mode.
2023-09-13T12:04:38.875-03:00  INFO 7815 --- [    Test worker] .s.d.r.c.RepositoryConfigurationDelegate : Finished Spring Data repository scanning in 12 ms. Found 1 JDBC repository interfaces.
2023-09-13T12:04:39.045-03:00  INFO 7815 --- [    Test worker] o.s.b.w.embedded.tomcat.TomcatWebServer  : Tomcat initialized with port(s): 0 (http)
2023-09-13T12:04:39.046-03:00  INFO 7815 --- [    Test worker] o.apache.catalina.core.StandardService   : Starting service [Tomcat]
2023-09-13T12:04:39.053-03:00  INFO 7815 --- [    Test worker] o.apache.catalina.core.StandardEngine    : Starting Servlet engine: [Apache Tomcat/10.1.12]
2023-09-13T12:04:39.076-03:00  INFO 7815 --- [    Test worker] o.a.c.c.C.[Tomcat].[localhost].[/]       : Initializing Spring embedded WebApplicationContext
2023-09-13T12:04:39.089-03:00  INFO 7815 --- [    Test worker] w.s.c.ServletWebServerApplicationContext : Root WebApplicationContext: initialization completed in 506 ms
2023-09-13T12:04:39.135-03:00  INFO 7815 --- [    Test worker] o.s.j.d.e.EmbeddedDatabaseFactory        : Starting embedded database: url='jdbc:h2:mem:a3c9d9a6-71d0-4c41-81d0-ee7a4134ea85;DB_CLOSE_DELAY=-1;DB_CLOSE_ON_EXIT=false', username='sa'
2023-09-13T12:04:39.466-03:00  INFO 7815 --- [    Test worker] o.s.s.web.DefaultSecurityFilterChain     : Will secure any request with [org.springframework.security.web.session.DisableEncodeUrlFilter@96c840a, org.springframework.security.web.context.request.async.WebAsyncManagerIntegrationFilter@5c81ddab, org.springframework.security.web.context.SecurityContextHolderFilter@eb6ccbc, org.springframework.security.web.header.HeaderWriterFilter@56b48163, org.springframework.security.web.authentication.logout.LogoutFilter@6f7a65e, org.springframework.security.web.authentication.www.BasicAuthenticationFilter@32121140, org.springframework.security.web.savedrequest.RequestCacheAwareFilter@5eae392d, org.springframework.security.web.servletapi.SecurityContextHolderAwareRequestFilter@4cd1716d, org.springframework.security.web.authentication.AnonymousAuthenticationFilter@24ee6faa, org.springframework.security.web.access.ExceptionTranslationFilter@55d8f6bb, org.springframework.security.web.access.intercept.AuthorizationFilter@6e22d6bf]
2023-09-13T12:04:39.521-03:00  INFO 7815 --- [    Test worker] o.s.b.w.embedded.tomcat.TomcatWebServer  : Tomcat started on port(s): 41567 (http) with context path ''
2023-09-13T12:04:39.525-03:00  INFO 7815 --- [    Test worker] e.cashcard.CashCardApplicationTests      : Started CashCardApplicationTests in 0.964 seconds (process running for 8.588)
2023-09-13T12:04:39.547-03:00  INFO 7815 --- [o-auto-2-exec-1] o.a.c.c.C.[Tomcat].[localhost].[/]       : Initializing Spring DispatcherServlet 'dispatcherServlet'
2023-09-13T12:04:39.547-03:00  INFO 7815 --- [o-auto-2-exec-1] o.s.web.servlet.DispatcherServlet        : Initializing Servlet 'dispatcherServlet'
2023-09-13T12:04:39.549-03:00  INFO 7815 --- [o-auto-2-exec-1] o.s.web.servlet.DispatcherServlet        : Completed initialization in 1 ms
2023-09-13T12:04:40.142-03:00  INFO 7815 --- [    Test worker] o.apache.catalina.core.StandardService   : Stopping service [Tomcat]
2023-09-13T12:04:40.142-03:00  INFO 7815 --- [    Test worker] o.a.c.c.C.[Tomcat].[localhost].[/]       : Destroying Spring FrameworkServlet 'dispatcherServlet'
2023-09-13T12:04:40.147-03:00  INFO 7815 --- [    Test worker] o.s.j.d.e.EmbeddedDatabaseFactory        : Shutting down embedded database: url='jdbc:h2:mem:a3c9d9a6-71d0-4c41-81d0-ee7a4134ea85;DB_CLOSE_DELAY=-1;DB_CLOSE_ON_EXIT=false'

  .   ____          _            __ _ _
 /\\ / ___'_ __ _ _(_)_ __  __ _ \ \ \ \
( ( )\___ | '_ | '_| | '_ \/ _` | \ \ \ \
 \\/  ___)| |_)| | | | | || (_| |  ) ) ) )
  '  |____| .__|_| |_|_| |_\__, | / / / /
 =========|_|==============|___/=/_/_/_/
 :: Spring Boot ::                (v3.1.3)

2023-09-13T12:04:40.452-03:00  INFO 7815 --- [    Test worker] e.cashcard.CashCardApplicationTests      : Starting CashCardApplicationTests using Java 17.0.8 with PID 7815 (started by murilodh in /home/murilodh/github-repos/REST-API-SpringBoot)
2023-09-13T12:04:40.454-03:00  INFO 7815 --- [    Test worker] e.cashcard.CashCardApplicationTests      : No active profile set, falling back to 1 default profile: "default"
2023-09-13T12:04:40.626-03:00  INFO 7815 --- [    Test worker] .s.d.r.c.RepositoryConfigurationDelegate : Bootstrapping Spring Data JDBC repositories in DEFAULT mode.
2023-09-13T12:04:40.632-03:00  INFO 7815 --- [    Test worker] .s.d.r.c.RepositoryConfigurationDelegate : Finished Spring Data repository scanning in 4 ms. Found 1 JDBC repository interfaces.
2023-09-13T12:04:40.695-03:00  INFO 7815 --- [    Test worker] o.s.b.w.embedded.tomcat.TomcatWebServer  : Tomcat initialized with port(s): 0 (http)
2023-09-13T12:04:40.696-03:00  INFO 7815 --- [    Test worker] o.apache.catalina.core.StandardService   : Starting service [Tomcat]
2023-09-13T12:04:40.697-03:00  INFO 7815 --- [    Test worker] o.apache.catalina.core.StandardEngine    : Starting Servlet engine: [Apache Tomcat/10.1.12]
2023-09-13T12:04:40.718-03:00  INFO 7815 --- [    Test worker] o.a.c.c.C.[Tomcat].[localhost].[/]       : Initializing Spring embedded WebApplicationContext
2023-09-13T12:04:40.726-03:00  INFO 7815 --- [    Test worker] w.s.c.ServletWebServerApplicationContext : Root WebApplicationContext: initialization completed in 254 ms
2023-09-13T12:04:40.773-03:00  INFO 7815 --- [    Test worker] o.s.j.d.e.EmbeddedDatabaseFactory        : Starting embedded database: url='jdbc:h2:mem:02c2a339-5fdd-47fc-996b-4d9ac1b2f18b;DB_CLOSE_DELAY=-1;DB_CLOSE_ON_EXIT=false', username='sa'
2023-09-13T12:04:41.084-03:00  INFO 7815 --- [    Test worker] o.s.s.web.DefaultSecurityFilterChain     : Will secure any request with [org.springframework.security.web.session.DisableEncodeUrlFilter@32153bbe, org.springframework.security.web.context.request.async.WebAsyncManagerIntegrationFilter@4806fbf7, org.springframework.security.web.context.SecurityContextHolderFilter@6500e886, org.springframework.security.web.header.HeaderWriterFilter@13e5b262, org.springframework.security.web.authentication.logout.LogoutFilter@893081e, org.springframework.security.web.authentication.www.BasicAuthenticationFilter@22561412, org.springframework.security.web.savedrequest.RequestCacheAwareFilter@220e1b7b, org.springframework.security.web.servletapi.SecurityContextHolderAwareRequestFilter@54fd5759, org.springframework.security.web.authentication.AnonymousAuthenticationFilter@4280b20b, org.springframework.security.web.access.ExceptionTranslationFilter@136cad3e, org.springframework.security.web.access.intercept.AuthorizationFilter@646ddc20]
2023-09-13T12:04:41.129-03:00  INFO 7815 --- [    Test worker] o.s.b.w.embedded.tomcat.TomcatWebServer  : Tomcat started on port(s): 36599 (http) with context path ''
2023-09-13T12:04:41.132-03:00  INFO 7815 --- [    Test worker] e.cashcard.CashCardApplicationTests      : Started CashCardApplicationTests in 0.775 seconds (process running for 10.195)
2023-09-13T12:04:41.147-03:00  INFO 7815 --- [o-auto-3-exec-1] o.a.c.c.C.[Tomcat].[localhost].[/]       : Initializing Spring DispatcherServlet 'dispatcherServlet'
2023-09-13T12:04:41.148-03:00  INFO 7815 --- [o-auto-3-exec-1] o.s.web.servlet.DispatcherServlet        : Initializing Servlet 'dispatcherServlet'
2023-09-13T12:04:41.149-03:00  INFO 7815 --- [o-auto-3-exec-1] o.s.web.servlet.DispatcherServlet        : Completed initialization in 1 ms
]]></system-out>
  <system-err><![CDATA[]]></system-err>
</testsuite>
