<?xml version="1.0" encoding="UTF-8"?>
<testsuite name="example.cashcard.CashCardApplicationTests" tests="13" skipped="0" failures="0" errors="0" timestamp="2023-09-13T15:14:56" hostname="murilo-20fma00f00" time="7.143">
  <properties/>
  <testcase name="shouldReturnASortedPageOfCashCards()" classname="example.cashcard.CashCardApplicationTests" time="1.558"/>
  <testcase name="shouldDeleteAnExistingCashCard()" classname="example.cashcard.CashCardApplicationTests" time="0.498"/>
  <testcase name="shouldNotAllowAccessToCashCardsTheyDoNotOwn()" classname="example.cashcard.CashCardApplicationTests" time="0.223"/>
  <testcase name="shouldReturnACashCardWhenDataIsSaved()" classname="example.cashcard.CashCardApplicationTests" time="0.11"/>
  <testcase name="shouldCreateANewCashCard()" classname="example.cashcard.CashCardApplicationTests" time="0.522"/>
  <testcase name="shouldRejectUsersWhoAreNotCardOwners()" classname="example.cashcard.CashCardApplicationTests" time="0.298"/>
  <testcase name="shouldReturnAPageOfCashCards()" classname="example.cashcard.CashCardApplicationTests" time="0.127"/>
  <testcase name="shouldUpdateAnExistingCashCard()" classname="example.cashcard.CashCardApplicationTests" time="0.457"/>
  <testcase name="shouldNotUpdateACashCardThatDoesNotExist()" classname="example.cashcard.CashCardApplicationTests" time="0.203"/>
  <testcase name="shouldNotReturnACashCardWhenUsingBadCredentials()" classname="example.cashcard.CashCardApplicationTests" time="0.206"/>
  <testcase name="shouldReturnAllCashCardsWhenListIsRequested()" classname="example.cashcard.CashCardApplicationTests" time="0.136"/>
  <testcase name="shouldReturnASortedPageOfCashCardsWithNoParametersAndUseDefaultValues()" classname="example.cashcard.CashCardApplicationTests" time="0.105"/>
  <testcase name="shouldNotReturnACashCardWithAnUnknownId()" classname="example.cashcard.CashCardApplicationTests" time="0.114"/>
  <system-out><![CDATA[12:14:52.096 [Test worker] INFO org.springframework.test.context.support.AnnotationConfigContextLoaderUtils -- Could not detect default configuration classes for test class [example.cashcard.CashCardApplicationTests]: CashCardApplicationTests does not declare any static, non-private, non-final, nested classes annotated with @Configuration.
12:14:52.286 [Test worker] INFO org.springframework.boot.test.context.SpringBootTestContextBootstrapper -- Found @SpringBootConfiguration example.cashcard.CashCardApplication for test class example.cashcard.CashCardApplicationTests

  .   ____          _            __ _ _
 /\\ / ___'_ __ _ _(_)_ __  __ _ \ \ \ \
( ( )\___ | '_ | '_| | '_ \/ _` | \ \ \ \
 \\/  ___)| |_)| | | | | || (_| |  ) ) ) )
  '  |____| .__|_| |_|_| |_\__, | / / / /
 =========|_|==============|___/=/_/_/_/
 :: Spring Boot ::                (v3.1.3)

2023-09-13T12:14:52.854-03:00  INFO 8642 --- [    Test worker] e.cashcard.CashCardApplicationTests      : Starting CashCardApplicationTests using Java 17.0.8 with PID 8642 (started by murilodh in /home/murilodh/github-repos/REST-API-SpringBoot)
2023-09-13T12:14:52.857-03:00  INFO 8642 --- [    Test worker] e.cashcard.CashCardApplicationTests      : No active profile set, falling back to 1 default profile: "default"
2023-09-13T12:14:53.634-03:00  INFO 8642 --- [    Test worker] .s.d.r.c.RepositoryConfigurationDelegate : Bootstrapping Spring Data JDBC repositories in DEFAULT mode.
2023-09-13T12:14:53.715-03:00  INFO 8642 --- [    Test worker] .s.d.r.c.RepositoryConfigurationDelegate : Finished Spring Data repository scanning in 76 ms. Found 1 JDBC repository interfaces.
2023-09-13T12:14:54.383-03:00  INFO 8642 --- [    Test worker] o.s.b.w.embedded.tomcat.TomcatWebServer  : Tomcat initialized with port(s): 0 (http)
2023-09-13T12:14:54.394-03:00  INFO 8642 --- [    Test worker] o.apache.catalina.core.StandardService   : Starting service [Tomcat]
2023-09-13T12:14:54.394-03:00  INFO 8642 --- [    Test worker] o.apache.catalina.core.StandardEngine    : Starting Servlet engine: [Apache Tomcat/10.1.12]
2023-09-13T12:14:54.539-03:00  INFO 8642 --- [    Test worker] o.a.c.c.C.[Tomcat].[localhost].[/]       : Initializing Spring embedded WebApplicationContext
2023-09-13T12:14:54.541-03:00  INFO 8642 --- [    Test worker] w.s.c.ServletWebServerApplicationContext : Root WebApplicationContext: initialization completed in 1648 ms
2023-09-13T12:14:54.665-03:00  INFO 8642 --- [    Test worker] o.s.j.d.e.EmbeddedDatabaseFactory        : Starting embedded database: url='jdbc:h2:mem:6af30789-4add-496a-bcf0-90b23eed27eb;DB_CLOSE_DELAY=-1;DB_CLOSE_ON_EXIT=false', username='sa'
2023-09-13T12:14:55.785-03:00  INFO 8642 --- [    Test worker] o.s.s.web.DefaultSecurityFilterChain     : Will secure any request with [org.springframework.security.web.session.DisableEncodeUrlFilter@35e75f7a, org.springframework.security.web.context.request.async.WebAsyncManagerIntegrationFilter@4f7bb8df, org.springframework.security.web.context.SecurityContextHolderFilter@48d44b46, org.springframework.security.web.header.HeaderWriterFilter@1d8be7b9, org.springframework.security.web.authentication.logout.LogoutFilter@139089a4, org.springframework.security.web.authentication.www.BasicAuthenticationFilter@2d5ae78e, org.springframework.security.web.savedrequest.RequestCacheAwareFilter@794cb26b, org.springframework.security.web.servletapi.SecurityContextHolderAwareRequestFilter@21abda60, org.springframework.security.web.authentication.AnonymousAuthenticationFilter@269c7104, org.springframework.security.web.access.ExceptionTranslationFilter@20faaf77, org.springframework.security.web.access.intercept.AuthorizationFilter@365e65bb]
2023-09-13T12:14:56.045-03:00  INFO 8642 --- [    Test worker] o.s.b.w.embedded.tomcat.TomcatWebServer  : Tomcat started on port(s): 37311 (http) with context path ''
2023-09-13T12:14:56.062-03:00  INFO 8642 --- [    Test worker] e.cashcard.CashCardApplicationTests      : Started CashCardApplicationTests in 3.596 seconds (process running for 5.37)
2023-09-13T12:14:57.115-03:00  INFO 8642 --- [o-auto-1-exec-1] o.a.c.c.C.[Tomcat].[localhost].[/]       : Initializing Spring DispatcherServlet 'dispatcherServlet'
2023-09-13T12:14:57.116-03:00  INFO 8642 --- [o-auto-1-exec-1] o.s.web.servlet.DispatcherServlet        : Initializing Servlet 'dispatcherServlet'
2023-09-13T12:14:57.118-03:00  INFO 8642 --- [o-auto-1-exec-1] o.s.web.servlet.DispatcherServlet        : Completed initialization in 1 ms
2023-09-13T12:14:57.909-03:00  INFO 8642 --- [    Test worker] o.apache.catalina.core.StandardService   : Stopping service [Tomcat]
2023-09-13T12:14:57.911-03:00  INFO 8642 --- [    Test worker] o.a.c.c.C.[Tomcat].[localhost].[/]       : Destroying Spring FrameworkServlet 'dispatcherServlet'
2023-09-13T12:14:57.927-03:00  INFO 8642 --- [    Test worker] o.s.j.d.e.EmbeddedDatabaseFactory        : Shutting down embedded database: url='jdbc:h2:mem:6af30789-4add-496a-bcf0-90b23eed27eb;DB_CLOSE_DELAY=-1;DB_CLOSE_ON_EXIT=false'

  .   ____          _            __ _ _
 /\\ / ___'_ __ _ _(_)_ __  __ _ \ \ \ \
( ( )\___ | '_ | '_| | '_ \/ _` | \ \ \ \
 \\/  ___)| |_)| | | | | || (_| |  ) ) ) )
  '  |____| .__|_| |_|_| |_\__, | / / / /
 =========|_|==============|___/=/_/_/_/
 :: Spring Boot ::                (v3.1.3)

2023-09-13T12:14:58.181-03:00  INFO 8642 --- [    Test worker] e.cashcard.CashCardApplicationTests      : Starting CashCardApplicationTests using Java 17.0.8 with PID 8642 (started by murilodh in /home/murilodh/github-repos/REST-API-SpringBoot)
2023-09-13T12:14:58.182-03:00  INFO 8642 --- [    Test worker] e.cashcard.CashCardApplicationTests      : No active profile set, falling back to 1 default profile: "default"
2023-09-13T12:14:58.462-03:00  INFO 8642 --- [    Test worker] .s.d.r.c.RepositoryConfigurationDelegate : Bootstrapping Spring Data JDBC repositories in DEFAULT mode.
2023-09-13T12:14:58.477-03:00  INFO 8642 --- [    Test worker] .s.d.r.c.RepositoryConfigurationDelegate : Finished Spring Data repository scanning in 13 ms. Found 1 JDBC repository interfaces.
2023-09-13T12:14:58.587-03:00  INFO 8642 --- [    Test worker] o.s.b.w.embedded.tomcat.TomcatWebServer  : Tomcat initialized with port(s): 0 (http)
2023-09-13T12:14:58.588-03:00  INFO 8642 --- [    Test worker] o.apache.catalina.core.StandardService   : Starting service [Tomcat]
2023-09-13T12:14:58.589-03:00  INFO 8642 --- [    Test worker] o.apache.catalina.core.StandardEngine    : Starting Servlet engine: [Apache Tomcat/10.1.12]
2023-09-13T12:14:58.610-03:00  INFO 8642 --- [    Test worker] o.a.c.c.C.[Tomcat].[localhost].[/]       : Initializing Spring embedded WebApplicationContext
2023-09-13T12:14:58.611-03:00  INFO 8642 --- [    Test worker] w.s.c.ServletWebServerApplicationContext : Root WebApplicationContext: initialization completed in 416 ms
2023-09-13T12:14:58.658-03:00  INFO 8642 --- [    Test worker] o.s.j.d.e.EmbeddedDatabaseFactory        : Starting embedded database: url='jdbc:h2:mem:8b5ea89b-555a-4680-8fe2-9b48bbd0556a;DB_CLOSE_DELAY=-1;DB_CLOSE_ON_EXIT=false', username='sa'
2023-09-13T12:14:59.021-03:00  INFO 8642 --- [    Test worker] o.s.s.web.DefaultSecurityFilterChain     : Will secure any request with [org.springframework.security.web.session.DisableEncodeUrlFilter@5c43cb12, org.springframework.security.web.context.request.async.WebAsyncManagerIntegrationFilter@5db66c3, org.springframework.security.web.context.SecurityContextHolderFilter@7bc6b117, org.springframework.security.web.header.HeaderWriterFilter@51efdb72, org.springframework.security.web.authentication.logout.LogoutFilter@17d0d3d7, org.springframework.security.web.authentication.www.BasicAuthenticationFilter@4d9cf71d, org.springframework.security.web.savedrequest.RequestCacheAwareFilter@2de07c57, org.springframework.security.web.servletapi.SecurityContextHolderAwareRequestFilter@76cbee13, org.springframework.security.web.authentication.AnonymousAuthenticationFilter@633c0a61, org.springframework.security.web.access.ExceptionTranslationFilter@1b881f1f, org.springframework.security.web.access.intercept.AuthorizationFilter@106edde4]
2023-09-13T12:14:59.139-03:00  INFO 8642 --- [    Test worker] o.s.b.w.embedded.tomcat.TomcatWebServer  : Tomcat started on port(s): 34545 (http) with context path ''
2023-09-13T12:14:59.147-03:00  INFO 8642 --- [    Test worker] e.cashcard.CashCardApplicationTests      : Started CashCardApplicationTests in 1.013 seconds (process running for 8.456)
2023-09-13T12:14:59.163-03:00  INFO 8642 --- [o-auto-2-exec-1] o.a.c.c.C.[Tomcat].[localhost].[/]       : Initializing Spring DispatcherServlet 'dispatcherServlet'
2023-09-13T12:14:59.163-03:00  INFO 8642 --- [o-auto-2-exec-1] o.s.web.servlet.DispatcherServlet        : Initializing Servlet 'dispatcherServlet'
2023-09-13T12:14:59.166-03:00  INFO 8642 --- [o-auto-2-exec-1] o.s.web.servlet.DispatcherServlet        : Completed initialization in 1 ms
2023-09-13T12:14:59.793-03:00  INFO 8642 --- [    Test worker] o.apache.catalina.core.StandardService   : Stopping service [Tomcat]
2023-09-13T12:14:59.794-03:00  INFO 8642 --- [    Test worker] o.a.c.c.C.[Tomcat].[localhost].[/]       : Destroying Spring FrameworkServlet 'dispatcherServlet'
2023-09-13T12:14:59.813-03:00  INFO 8642 --- [    Test worker] o.s.j.d.e.EmbeddedDatabaseFactory        : Shutting down embedded database: url='jdbc:h2:mem:8b5ea89b-555a-4680-8fe2-9b48bbd0556a;DB_CLOSE_DELAY=-1;DB_CLOSE_ON_EXIT=false'

  .   ____          _            __ _ _
 /\\ / ___'_ __ _ _(_)_ __  __ _ \ \ \ \
( ( )\___ | '_ | '_| | '_ \/ _` | \ \ \ \
 \\/  ___)| |_)| | | | | || (_| |  ) ) ) )
  '  |____| .__|_| |_|_| |_\__, | / / / /
 =========|_|==============|___/=/_/_/_/
 :: Spring Boot ::                (v3.1.3)

2023-09-13T12:15:00.043-03:00  INFO 8642 --- [    Test worker] e.cashcard.CashCardApplicationTests      : Starting CashCardApplicationTests using Java 17.0.8 with PID 8642 (started by murilodh in /home/murilodh/github-repos/REST-API-SpringBoot)
2023-09-13T12:15:00.043-03:00  INFO 8642 --- [    Test worker] e.cashcard.CashCardApplicationTests      : No active profile set, falling back to 1 default profile: "default"
2023-09-13T12:15:00.208-03:00  INFO 8642 --- [    Test worker] .s.d.r.c.RepositoryConfigurationDelegate : Bootstrapping Spring Data JDBC repositories in DEFAULT mode.
2023-09-13T12:15:00.218-03:00  INFO 8642 --- [    Test worker] .s.d.r.c.RepositoryConfigurationDelegate : Finished Spring Data repository scanning in 8 ms. Found 1 JDBC repository interfaces.
2023-09-13T12:15:00.319-03:00  INFO 8642 --- [    Test worker] o.s.b.w.embedded.tomcat.TomcatWebServer  : Tomcat initialized with port(s): 0 (http)
2023-09-13T12:15:00.321-03:00  INFO 8642 --- [    Test worker] o.apache.catalina.core.StandardService   : Starting service [Tomcat]
2023-09-13T12:15:00.322-03:00  INFO 8642 --- [    Test worker] o.apache.catalina.core.StandardEngine    : Starting Servlet engine: [Apache Tomcat/10.1.12]
2023-09-13T12:15:00.348-03:00  INFO 8642 --- [    Test worker] o.a.c.c.C.[Tomcat].[localhost].[/]       : Initializing Spring embedded WebApplicationContext
2023-09-13T12:15:00.349-03:00  INFO 8642 --- [    Test worker] w.s.c.ServletWebServerApplicationContext : Root WebApplicationContext: initialization completed in 300 ms
2023-09-13T12:15:00.373-03:00  INFO 8642 --- [    Test worker] o.s.j.d.e.EmbeddedDatabaseFactory        : Starting embedded database: url='jdbc:h2:mem:94c2ef7f-3bbb-47fa-8222-a7fa7af0297a;DB_CLOSE_DELAY=-1;DB_CLOSE_ON_EXIT=false', username='sa'
2023-09-13T12:15:00.668-03:00  INFO 8642 --- [    Test worker] o.s.s.web.DefaultSecurityFilterChain     : Will secure any request with [org.springframework.security.web.session.DisableEncodeUrlFilter@6a358906, org.springframework.security.web.context.request.async.WebAsyncManagerIntegrationFilter@893081e, org.springframework.security.web.context.SecurityContextHolderFilter@61ec2cb5, org.springframework.security.web.header.HeaderWriterFilter@16f62062, org.springframework.security.web.authentication.logout.LogoutFilter@13e5b262, org.springframework.security.web.authentication.www.BasicAuthenticationFilter@54fd5759, org.springframework.security.web.savedrequest.RequestCacheAwareFilter@3889c343, org.springframework.security.web.servletapi.SecurityContextHolderAwareRequestFilter@34be7efb, org.springframework.security.web.authentication.AnonymousAuthenticationFilter@5a941fb4, org.springframework.security.web.access.ExceptionTranslationFilter@3eb641a8, org.springframework.security.web.access.intercept.AuthorizationFilter@220e1b7b]
2023-09-13T12:15:00.728-03:00  INFO 8642 --- [    Test worker] o.s.b.w.embedded.tomcat.TomcatWebServer  : Tomcat started on port(s): 46397 (http) with context path ''
2023-09-13T12:15:00.732-03:00  INFO 8642 --- [    Test worker] e.cashcard.CashCardApplicationTests      : Started CashCardApplicationTests in 0.711 seconds (process running for 10.04)
2023-09-13T12:15:00.740-03:00  INFO 8642 --- [o-auto-3-exec-1] o.a.c.c.C.[Tomcat].[localhost].[/]       : Initializing Spring DispatcherServlet 'dispatcherServlet'
2023-09-13T12:15:00.740-03:00  INFO 8642 --- [o-auto-3-exec-1] o.s.web.servlet.DispatcherServlet        : Initializing Servlet 'dispatcherServlet'
2023-09-13T12:15:00.741-03:00  INFO 8642 --- [o-auto-3-exec-1] o.s.web.servlet.DispatcherServlet        : Completed initialization in 1 ms
2023-09-13T12:15:01.408-03:00  INFO 8642 --- [    Test worker] o.apache.catalina.core.StandardService   : Stopping service [Tomcat]
2023-09-13T12:15:01.410-03:00  INFO 8642 --- [    Test worker] o.a.c.c.C.[Tomcat].[localhost].[/]       : Destroying Spring FrameworkServlet 'dispatcherServlet'
2023-09-13T12:15:01.416-03:00  INFO 8642 --- [    Test worker] o.s.j.d.e.EmbeddedDatabaseFactory        : Shutting down embedded database: url='jdbc:h2:mem:94c2ef7f-3bbb-47fa-8222-a7fa7af0297a;DB_CLOSE_DELAY=-1;DB_CLOSE_ON_EXIT=false'

  .   ____          _            __ _ _
 /\\ / ___'_ __ _ _(_)_ __  __ _ \ \ \ \
( ( )\___ | '_ | '_| | '_ \/ _` | \ \ \ \
 \\/  ___)| |_)| | | | | || (_| |  ) ) ) )
  '  |____| .__|_| |_|_| |_\__, | / / / /
 =========|_|==============|___/=/_/_/_/
 :: Spring Boot ::                (v3.1.3)

2023-09-13T12:15:01.743-03:00  INFO 8642 --- [    Test worker] e.cashcard.CashCardApplicationTests      : Starting CashCardApplicationTests using Java 17.0.8 with PID 8642 (started by murilodh in /home/murilodh/github-repos/REST-API-SpringBoot)
2023-09-13T12:15:01.745-03:00  INFO 8642 --- [    Test worker] e.cashcard.CashCardApplicationTests      : No active profile set, falling back to 1 default profile: "default"
2023-09-13T12:15:01.923-03:00  INFO 8642 --- [    Test worker] .s.d.r.c.RepositoryConfigurationDelegate : Bootstrapping Spring Data JDBC repositories in DEFAULT mode.
2023-09-13T12:15:01.932-03:00  INFO 8642 --- [    Test worker] .s.d.r.c.RepositoryConfigurationDelegate : Finished Spring Data repository scanning in 8 ms. Found 1 JDBC repository interfaces.
2023-09-13T12:15:02.025-03:00  INFO 8642 --- [    Test worker] o.s.b.w.embedded.tomcat.TomcatWebServer  : Tomcat initialized with port(s): 0 (http)
2023-09-13T12:15:02.027-03:00  INFO 8642 --- [    Test worker] o.apache.catalina.core.StandardService   : Starting service [Tomcat]
2023-09-13T12:15:02.027-03:00  INFO 8642 --- [    Test worker] o.apache.catalina.core.StandardEngine    : Starting Servlet engine: [Apache Tomcat/10.1.12]
2023-09-13T12:15:02.044-03:00  INFO 8642 --- [    Test worker] o.a.c.c.C.[Tomcat].[localhost].[/]       : Initializing Spring embedded WebApplicationContext
2023-09-13T12:15:02.044-03:00  INFO 8642 --- [    Test worker] w.s.c.ServletWebServerApplicationContext : Root WebApplicationContext: initialization completed in 292 ms
2023-09-13T12:15:02.062-03:00  INFO 8642 --- [    Test worker] o.s.j.d.e.EmbeddedDatabaseFactory        : Starting embedded database: url='jdbc:h2:mem:b30d9e44-7e5f-4a79-8730-6736d0d0825a;DB_CLOSE_DELAY=-1;DB_CLOSE_ON_EXIT=false', username='sa'
2023-09-13T12:15:02.394-03:00  INFO 8642 --- [    Test worker] o.s.s.web.DefaultSecurityFilterChain     : Will secure any request with [org.springframework.security.web.session.DisableEncodeUrlFilter@411576c7, org.springframework.security.web.context.request.async.WebAsyncManagerIntegrationFilter@332610ad, org.springframework.security.web.context.SecurityContextHolderFilter@3a286095, org.springframework.security.web.header.HeaderWriterFilter@255b84a9, org.springframework.security.web.authentication.logout.LogoutFilter@1196537d, org.springframework.security.web.authentication.www.BasicAuthenticationFilter@623bdc46, org.springframework.security.web.savedrequest.RequestCacheAwareFilter@26723525, org.springframework.security.web.servletapi.SecurityContextHolderAwareRequestFilter@11c40a65, org.springframework.security.web.authentication.AnonymousAuthenticationFilter@45bbb3e8, org.springframework.security.web.access.ExceptionTranslationFilter@33d08a24, org.springframework.security.web.access.intercept.AuthorizationFilter@175c26ff]
2023-09-13T12:15:02.435-03:00  INFO 8642 --- [    Test worker] o.s.b.w.embedded.tomcat.TomcatWebServer  : Tomcat started on port(s): 34809 (http) with context path ''
2023-09-13T12:15:02.438-03:00  INFO 8642 --- [    Test worker] e.cashcard.CashCardApplicationTests      : Started CashCardApplicationTests in 0.809 seconds (process running for 11.746)
2023-09-13T12:15:02.447-03:00  INFO 8642 --- [o-auto-4-exec-1] o.a.c.c.C.[Tomcat].[localhost].[/]       : Initializing Spring DispatcherServlet 'dispatcherServlet'
2023-09-13T12:15:02.448-03:00  INFO 8642 --- [o-auto-4-exec-1] o.s.web.servlet.DispatcherServlet        : Initializing Servlet 'dispatcherServlet'
2023-09-13T12:15:02.448-03:00  INFO 8642 --- [o-auto-4-exec-1] o.s.web.servlet.DispatcherServlet        : Completed initialization in 0 ms
]]></system-out>
  <system-err><![CDATA[]]></system-err>
</testsuite>
