<?xml version="1.0" encoding="UTF-8"?>
<testsuite name="example.cashcard.CashCardApplicationTests" tests="10" skipped="0" failures="0" errors="0" timestamp="2023-09-13T14:04:01" hostname="murilo-20fma00f00" time="5.389">
  <properties/>
  <testcase name="shouldReturnASortedPageOfCashCards()" classname="example.cashcard.CashCardApplicationTests" time="2.107"/>
  <testcase name="shouldNotAllowAccessToCashCardsTheyDoNotOwn()" classname="example.cashcard.CashCardApplicationTests" time="0.206"/>
  <testcase name="shouldReturnACashCardWhenDataIsSaved()" classname="example.cashcard.CashCardApplicationTests" time="0.121"/>
  <testcase name="shouldCreateANewCashCard()" classname="example.cashcard.CashCardApplicationTests" time="0.582"/>
  <testcase name="shouldRejectUsersWhoAreNotCardOwners()" classname="example.cashcard.CashCardApplicationTests" time="0.242"/>
  <testcase name="shouldReturnAPageOfCashCards()" classname="example.cashcard.CashCardApplicationTests" time="0.215"/>
  <testcase name="shouldNotReturnACashCardWhenUsingBadCredentials()" classname="example.cashcard.CashCardApplicationTests" time="0.246"/>
  <testcase name="shouldReturnAllCashCardsWhenListIsRequested()" classname="example.cashcard.CashCardApplicationTests" time="0.142"/>
  <testcase name="shouldReturnASortedPageOfCashCardsWithNoParametersAndUseDefaultValues()" classname="example.cashcard.CashCardApplicationTests" time="0.152"/>
  <testcase name="shouldNotReturnACashCardWithAnUnknownId()" classname="example.cashcard.CashCardApplicationTests" time="0.143"/>
  <system-out><![CDATA[11:03:56.797 [Test worker] INFO org.springframework.test.context.support.AnnotationConfigContextLoaderUtils -- Could not detect default configuration classes for test class [example.cashcard.CashCardApplicationTests]: CashCardApplicationTests does not declare any static, non-private, non-final, nested classes annotated with @Configuration.
11:03:56.981 [Test worker] INFO org.springframework.boot.test.context.SpringBootTestContextBootstrapper -- Found @SpringBootConfiguration example.cashcard.CashCardApplication for test class example.cashcard.CashCardApplicationTests

  .   ____          _            __ _ _
 /\\ / ___'_ __ _ _(_)_ __  __ _ \ \ \ \
( ( )\___ | '_ | '_| | '_ \/ _` | \ \ \ \
 \\/  ___)| |_)| | | | | || (_| |  ) ) ) )
  '  |____| .__|_| |_|_| |_\__, | / / / /
 =========|_|==============|___/=/_/_/_/
 :: Spring Boot ::                (v3.1.3)

2023-09-13T11:03:57.602-03:00  INFO 5578 --- [    Test worker] e.cashcard.CashCardApplicationTests      : Starting CashCardApplicationTests using Java 17.0.8 with PID 5578 (started by murilodh in /home/murilodh/github-repos/REST-API-SpringBoot)
2023-09-13T11:03:57.611-03:00  INFO 5578 --- [    Test worker] e.cashcard.CashCardApplicationTests      : No active profile set, falling back to 1 default profile: "default"
2023-09-13T11:03:58.610-03:00  INFO 5578 --- [    Test worker] .s.d.r.c.RepositoryConfigurationDelegate : Bootstrapping Spring Data JDBC repositories in DEFAULT mode.
2023-09-13T11:03:58.685-03:00  INFO 5578 --- [    Test worker] .s.d.r.c.RepositoryConfigurationDelegate : Finished Spring Data repository scanning in 68 ms. Found 1 JDBC repository interfaces.
2023-09-13T11:03:59.506-03:00  INFO 5578 --- [    Test worker] o.s.b.w.embedded.tomcat.TomcatWebServer  : Tomcat initialized with port(s): 0 (http)
2023-09-13T11:03:59.531-03:00  INFO 5578 --- [    Test worker] o.apache.catalina.core.StandardService   : Starting service [Tomcat]
2023-09-13T11:03:59.535-03:00  INFO 5578 --- [    Test worker] o.apache.catalina.core.StandardEngine    : Starting Servlet engine: [Apache Tomcat/10.1.12]
2023-09-13T11:03:59.657-03:00  INFO 5578 --- [    Test worker] o.a.c.c.C.[Tomcat].[localhost].[/]       : Initializing Spring embedded WebApplicationContext
2023-09-13T11:03:59.660-03:00  INFO 5578 --- [    Test worker] w.s.c.ServletWebServerApplicationContext : Root WebApplicationContext: initialization completed in 2013 ms
2023-09-13T11:03:59.816-03:00  INFO 5578 --- [    Test worker] o.s.j.d.e.EmbeddedDatabaseFactory        : Starting embedded database: url='jdbc:h2:mem:eb4e9166-5d2a-4ebc-a92f-164be299ee28;DB_CLOSE_DELAY=-1;DB_CLOSE_ON_EXIT=false', username='sa'
2023-09-13T11:04:01.195-03:00  INFO 5578 --- [    Test worker] o.s.s.web.DefaultSecurityFilterChain     : Will secure any request with [org.springframework.security.web.session.DisableEncodeUrlFilter@e72fb04, org.springframework.security.web.context.request.async.WebAsyncManagerIntegrationFilter@1533338c, org.springframework.security.web.context.SecurityContextHolderFilter@3e4afd10, org.springframework.security.web.header.HeaderWriterFilter@4ffa7041, org.springframework.security.web.authentication.logout.LogoutFilter@36cfe107, org.springframework.security.web.authentication.www.BasicAuthenticationFilter@3e04abc5, org.springframework.security.web.savedrequest.RequestCacheAwareFilter@20faaf77, org.springframework.security.web.servletapi.SecurityContextHolderAwareRequestFilter@3d53e876, org.springframework.security.web.authentication.AnonymousAuthenticationFilter@4315fe1b, org.springframework.security.web.access.ExceptionTranslationFilter@1224e1b6, org.springframework.security.web.access.intercept.AuthorizationFilter@ff4b223]
2023-09-13T11:04:01.459-03:00  INFO 5578 --- [    Test worker] o.s.b.w.embedded.tomcat.TomcatWebServer  : Tomcat started on port(s): 39395 (http) with context path ''
2023-09-13T11:04:01.470-03:00  INFO 5578 --- [    Test worker] e.cashcard.CashCardApplicationTests      : Started CashCardApplicationTests in 4.293 seconds (process running for 5.918)
2023-09-13T11:04:02.966-03:00  INFO 5578 --- [o-auto-1-exec-1] o.a.c.c.C.[Tomcat].[localhost].[/]       : Initializing Spring DispatcherServlet 'dispatcherServlet'
2023-09-13T11:04:02.970-03:00  INFO 5578 --- [o-auto-1-exec-1] o.s.web.servlet.DispatcherServlet        : Initializing Servlet 'dispatcherServlet'
2023-09-13T11:04:02.972-03:00  INFO 5578 --- [o-auto-1-exec-1] o.s.web.servlet.DispatcherServlet        : Completed initialization in 0 ms
2023-09-13T11:04:04.288-03:00  INFO 5578 --- [    Test worker] o.apache.catalina.core.StandardService   : Stopping service [Tomcat]
2023-09-13T11:04:04.290-03:00  INFO 5578 --- [    Test worker] o.a.c.c.C.[Tomcat].[localhost].[/]       : Destroying Spring FrameworkServlet 'dispatcherServlet'
2023-09-13T11:04:04.299-03:00  INFO 5578 --- [    Test worker] o.s.j.d.e.EmbeddedDatabaseFactory        : Shutting down embedded database: url='jdbc:h2:mem:eb4e9166-5d2a-4ebc-a92f-164be299ee28;DB_CLOSE_DELAY=-1;DB_CLOSE_ON_EXIT=false'

  .   ____          _            __ _ _
 /\\ / ___'_ __ _ _(_)_ __  __ _ \ \ \ \
( ( )\___ | '_ | '_| | '_ \/ _` | \ \ \ \
 \\/  ___)| |_)| | | | | || (_| |  ) ) ) )
  '  |____| .__|_| |_|_| |_\__, | / / / /
 =========|_|==============|___/=/_/_/_/
 :: Spring Boot ::                (v3.1.3)

2023-09-13T11:04:04.576-03:00  INFO 5578 --- [    Test worker] e.cashcard.CashCardApplicationTests      : Starting CashCardApplicationTests using Java 17.0.8 with PID 5578 (started by murilodh in /home/murilodh/github-repos/REST-API-SpringBoot)
2023-09-13T11:04:04.578-03:00  INFO 5578 --- [    Test worker] e.cashcard.CashCardApplicationTests      : No active profile set, falling back to 1 default profile: "default"
2023-09-13T11:04:04.899-03:00  INFO 5578 --- [    Test worker] .s.d.r.c.RepositoryConfigurationDelegate : Bootstrapping Spring Data JDBC repositories in DEFAULT mode.
2023-09-13T11:04:04.917-03:00  INFO 5578 --- [    Test worker] .s.d.r.c.RepositoryConfigurationDelegate : Finished Spring Data repository scanning in 17 ms. Found 1 JDBC repository interfaces.
2023-09-13T11:04:05.138-03:00  INFO 5578 --- [    Test worker] o.s.b.w.embedded.tomcat.TomcatWebServer  : Tomcat initialized with port(s): 0 (http)
2023-09-13T11:04:05.139-03:00  INFO 5578 --- [    Test worker] o.apache.catalina.core.StandardService   : Starting service [Tomcat]
2023-09-13T11:04:05.140-03:00  INFO 5578 --- [    Test worker] o.apache.catalina.core.StandardEngine    : Starting Servlet engine: [Apache Tomcat/10.1.12]
2023-09-13T11:04:05.155-03:00  INFO 5578 --- [    Test worker] o.a.c.c.C.[Tomcat].[localhost].[/]       : Initializing Spring embedded WebApplicationContext
2023-09-13T11:04:05.155-03:00  INFO 5578 --- [    Test worker] w.s.c.ServletWebServerApplicationContext : Root WebApplicationContext: initialization completed in 561 ms
2023-09-13T11:04:05.194-03:00  INFO 5578 --- [    Test worker] o.s.j.d.e.EmbeddedDatabaseFactory        : Starting embedded database: url='jdbc:h2:mem:e5d9a8c9-547b-4c67-9d03-0b833c89bbc4;DB_CLOSE_DELAY=-1;DB_CLOSE_ON_EXIT=false', username='sa'
2023-09-13T11:04:05.594-03:00  INFO 5578 --- [    Test worker] o.s.s.web.DefaultSecurityFilterChain     : Will secure any request with [org.springframework.security.web.session.DisableEncodeUrlFilter@29bf90fc, org.springframework.security.web.context.request.async.WebAsyncManagerIntegrationFilter@6e22d6bf, org.springframework.security.web.context.SecurityContextHolderFilter@b6b746b, org.springframework.security.web.header.HeaderWriterFilter@49322d04, org.springframework.security.web.authentication.logout.LogoutFilter@5eae392d, org.springframework.security.web.authentication.www.BasicAuthenticationFilter@6f7a65e, org.springframework.security.web.savedrequest.RequestCacheAwareFilter@55d8f6bb, org.springframework.security.web.servletapi.SecurityContextHolderAwareRequestFilter@56b48163, org.springframework.security.web.authentication.AnonymousAuthenticationFilter@32121140, org.springframework.security.web.access.ExceptionTranslationFilter@633c0a61, org.springframework.security.web.access.intercept.AuthorizationFilter@3e1c5e0d]
2023-09-13T11:04:05.694-03:00  INFO 5578 --- [    Test worker] o.s.b.w.embedded.tomcat.TomcatWebServer  : Tomcat started on port(s): 34003 (http) with context path ''
2023-09-13T11:04:05.702-03:00  INFO 5578 --- [    Test worker] e.cashcard.CashCardApplicationTests      : Started CashCardApplicationTests in 1.196 seconds (process running for 10.15)
2023-09-13T11:04:05.728-03:00  INFO 5578 --- [o-auto-2-exec-1] o.a.c.c.C.[Tomcat].[localhost].[/]       : Initializing Spring DispatcherServlet 'dispatcherServlet'
2023-09-13T11:04:05.728-03:00  INFO 5578 --- [o-auto-2-exec-1] o.s.web.servlet.DispatcherServlet        : Initializing Servlet 'dispatcherServlet'
2023-09-13T11:04:05.729-03:00  INFO 5578 --- [o-auto-2-exec-1] o.s.web.servlet.DispatcherServlet        : Completed initialization in 1 ms
]]></system-out>
  <system-err><![CDATA[]]></system-err>
</testsuite>
