<?xml version="1.0" encoding="UTF-8"?>
<testsuite name="example.cashcard.CashCardApplicationTests" tests="9" skipped="0" failures="0" errors="0" timestamp="2023-09-13T13:55:28" hostname="murilo-20fma00f00" time="4.108">
  <properties/>
  <testcase name="shouldReturnASortedPageOfCashCards()" classname="example.cashcard.CashCardApplicationTests" time="1.556"/>
  <testcase name="shouldReturnACashCardWhenDataIsSaved()" classname="example.cashcard.CashCardApplicationTests" time="0.176"/>
  <testcase name="shouldCreateANewCashCard()" classname="example.cashcard.CashCardApplicationTests" time="0.529"/>
  <testcase name="shouldRejectUsersWhoAreNotCardOwners()" classname="example.cashcard.CashCardApplicationTests" time="0.216"/>
  <testcase name="shouldReturnAPageOfCashCards()" classname="example.cashcard.CashCardApplicationTests" time="0.134"/>
  <testcase name="shouldNotReturnACashCardWhenUsingBadCredentials()" classname="example.cashcard.CashCardApplicationTests" time="0.207"/>
  <testcase name="shouldReturnAllCashCardsWhenListIsRequested()" classname="example.cashcard.CashCardApplicationTests" time="0.121"/>
  <testcase name="shouldReturnASortedPageOfCashCardsWithNoParametersAndUseDefaultValues()" classname="example.cashcard.CashCardApplicationTests" time="0.121"/>
  <testcase name="shouldNotReturnACashCardWithAnUnknownId()" classname="example.cashcard.CashCardApplicationTests" time="0.112"/>
  <system-out><![CDATA[10:55:24.528 [Test worker] INFO org.springframework.test.context.support.AnnotationConfigContextLoaderUtils -- Could not detect default configuration classes for test class [example.cashcard.CashCardApplicationTests]: CashCardApplicationTests does not declare any static, non-private, non-final, nested classes annotated with @Configuration.
10:55:24.704 [Test worker] INFO org.springframework.boot.test.context.SpringBootTestContextBootstrapper -- Found @SpringBootConfiguration example.cashcard.CashCardApplication for test class example.cashcard.CashCardApplicationTests

  .   ____          _            __ _ _
 /\\ / ___'_ __ _ _(_)_ __  __ _ \ \ \ \
( ( )\___ | '_ | '_| | '_ \/ _` | \ \ \ \
 \\/  ___)| |_)| | | | | || (_| |  ) ) ) )
  '  |____| .__|_| |_|_| |_\__, | / / / /
 =========|_|==============|___/=/_/_/_/
 :: Spring Boot ::                (v3.1.3)

2023-09-13T10:55:25.274-03:00  INFO 5144 --- [    Test worker] e.cashcard.CashCardApplicationTests      : Starting CashCardApplicationTests using Java 17.0.8 with PID 5144 (started by murilodh in /home/murilodh/github-repos/REST-API-SpringBoot)
2023-09-13T10:55:25.276-03:00  INFO 5144 --- [    Test worker] e.cashcard.CashCardApplicationTests      : No active profile set, falling back to 1 default profile: "default"
2023-09-13T10:55:25.957-03:00  INFO 5144 --- [    Test worker] .s.d.r.c.RepositoryConfigurationDelegate : Bootstrapping Spring Data JDBC repositories in DEFAULT mode.
2023-09-13T10:55:26.009-03:00  INFO 5144 --- [    Test worker] .s.d.r.c.RepositoryConfigurationDelegate : Finished Spring Data repository scanning in 47 ms. Found 1 JDBC repository interfaces.
2023-09-13T10:55:26.697-03:00  INFO 5144 --- [    Test worker] o.s.b.w.embedded.tomcat.TomcatWebServer  : Tomcat initialized with port(s): 0 (http)
2023-09-13T10:55:26.707-03:00  INFO 5144 --- [    Test worker] o.apache.catalina.core.StandardService   : Starting service [Tomcat]
2023-09-13T10:55:26.708-03:00  INFO 5144 --- [    Test worker] o.apache.catalina.core.StandardEngine    : Starting Servlet engine: [Apache Tomcat/10.1.12]
2023-09-13T10:55:26.809-03:00  INFO 5144 --- [    Test worker] o.a.c.c.C.[Tomcat].[localhost].[/]       : Initializing Spring embedded WebApplicationContext
2023-09-13T10:55:26.812-03:00  INFO 5144 --- [    Test worker] w.s.c.ServletWebServerApplicationContext : Root WebApplicationContext: initialization completed in 1510 ms
2023-09-13T10:55:26.922-03:00  INFO 5144 --- [    Test worker] o.s.j.d.e.EmbeddedDatabaseFactory        : Starting embedded database: url='jdbc:h2:mem:fa7c2a70-3679-4ff9-b40b-5f9a4651e359;DB_CLOSE_DELAY=-1;DB_CLOSE_ON_EXIT=false', username='sa'
2023-09-13T10:55:28.110-03:00  INFO 5144 --- [    Test worker] o.s.s.web.DefaultSecurityFilterChain     : Will secure any request with [org.springframework.security.web.session.DisableEncodeUrlFilter@6b9a1205, org.springframework.security.web.context.request.async.WebAsyncManagerIntegrationFilter@3c6bd624, org.springframework.security.web.context.SecurityContextHolderFilter@7d3c22a5, org.springframework.security.web.header.HeaderWriterFilter@7417ef4f, org.springframework.security.web.authentication.logout.LogoutFilter@146f3d22, org.springframework.security.web.authentication.www.BasicAuthenticationFilter@b9b97ad, org.springframework.security.web.savedrequest.RequestCacheAwareFilter@344f9467, org.springframework.security.web.servletapi.SecurityContextHolderAwareRequestFilter@a4df251, org.springframework.security.web.authentication.AnonymousAuthenticationFilter@3d8d52be, org.springframework.security.web.access.ExceptionTranslationFilter@59127611, org.springframework.security.web.access.intercept.AuthorizationFilter@3c9e19de]
2023-09-13T10:55:28.372-03:00  INFO 5144 --- [    Test worker] o.s.b.w.embedded.tomcat.TomcatWebServer  : Tomcat started on port(s): 40127 (http) with context path ''
2023-09-13T10:55:28.385-03:00  INFO 5144 --- [    Test worker] e.cashcard.CashCardApplicationTests      : Started CashCardApplicationTests in 3.514 seconds (process running for 4.995)
2023-09-13T10:55:29.430-03:00  INFO 5144 --- [o-auto-1-exec-1] o.a.c.c.C.[Tomcat].[localhost].[/]       : Initializing Spring DispatcherServlet 'dispatcherServlet'
2023-09-13T10:55:29.431-03:00  INFO 5144 --- [o-auto-1-exec-1] o.s.web.servlet.DispatcherServlet        : Initializing Servlet 'dispatcherServlet'
2023-09-13T10:55:29.436-03:00  INFO 5144 --- [o-auto-1-exec-1] o.s.web.servlet.DispatcherServlet        : Completed initialization in 1 ms
2023-09-13T10:55:30.434-03:00  INFO 5144 --- [    Test worker] o.apache.catalina.core.StandardService   : Stopping service [Tomcat]
2023-09-13T10:55:30.437-03:00  INFO 5144 --- [    Test worker] o.a.c.c.C.[Tomcat].[localhost].[/]       : Destroying Spring FrameworkServlet 'dispatcherServlet'
2023-09-13T10:55:30.452-03:00  INFO 5144 --- [    Test worker] o.s.j.d.e.EmbeddedDatabaseFactory        : Shutting down embedded database: url='jdbc:h2:mem:fa7c2a70-3679-4ff9-b40b-5f9a4651e359;DB_CLOSE_DELAY=-1;DB_CLOSE_ON_EXIT=false'

  .   ____          _            __ _ _
 /\\ / ___'_ __ _ _(_)_ __  __ _ \ \ \ \
( ( )\___ | '_ | '_| | '_ \/ _` | \ \ \ \
 \\/  ___)| |_)| | | | | || (_| |  ) ) ) )
  '  |____| .__|_| |_|_| |_\__, | / / / /
 =========|_|==============|___/=/_/_/_/
 :: Spring Boot ::                (v3.1.3)

2023-09-13T10:55:30.722-03:00  INFO 5144 --- [    Test worker] e.cashcard.CashCardApplicationTests      : Starting CashCardApplicationTests using Java 17.0.8 with PID 5144 (started by murilodh in /home/murilodh/github-repos/REST-API-SpringBoot)
2023-09-13T10:55:30.723-03:00  INFO 5144 --- [    Test worker] e.cashcard.CashCardApplicationTests      : No active profile set, falling back to 1 default profile: "default"
2023-09-13T10:55:30.949-03:00  INFO 5144 --- [    Test worker] .s.d.r.c.RepositoryConfigurationDelegate : Bootstrapping Spring Data JDBC repositories in DEFAULT mode.
2023-09-13T10:55:30.954-03:00  INFO 5144 --- [    Test worker] .s.d.r.c.RepositoryConfigurationDelegate : Finished Spring Data repository scanning in 4 ms. Found 1 JDBC repository interfaces.
2023-09-13T10:55:31.034-03:00  INFO 5144 --- [    Test worker] o.s.b.w.embedded.tomcat.TomcatWebServer  : Tomcat initialized with port(s): 0 (http)
2023-09-13T10:55:31.038-03:00  INFO 5144 --- [    Test worker] o.apache.catalina.core.StandardService   : Starting service [Tomcat]
2023-09-13T10:55:31.039-03:00  INFO 5144 --- [    Test worker] o.apache.catalina.core.StandardEngine    : Starting Servlet engine: [Apache Tomcat/10.1.12]
2023-09-13T10:55:31.052-03:00  INFO 5144 --- [    Test worker] o.a.c.c.C.[Tomcat].[localhost].[/]       : Initializing Spring embedded WebApplicationContext
2023-09-13T10:55:31.052-03:00  INFO 5144 --- [    Test worker] w.s.c.ServletWebServerApplicationContext : Root WebApplicationContext: initialization completed in 323 ms
2023-09-13T10:55:31.089-03:00  INFO 5144 --- [    Test worker] o.s.j.d.e.EmbeddedDatabaseFactory        : Starting embedded database: url='jdbc:h2:mem:b76ad5e2-356b-41e7-92d2-be7d626513f6;DB_CLOSE_DELAY=-1;DB_CLOSE_ON_EXIT=false', username='sa'
2023-09-13T10:55:31.463-03:00  INFO 5144 --- [    Test worker] o.s.s.web.DefaultSecurityFilterChain     : Will secure any request with [org.springframework.security.web.session.DisableEncodeUrlFilter@2cd2c764, org.springframework.security.web.context.request.async.WebAsyncManagerIntegrationFilter@d17d554, org.springframework.security.web.context.SecurityContextHolderFilter@8b1bfdf, org.springframework.security.web.header.HeaderWriterFilter@25e203e6, org.springframework.security.web.authentication.logout.LogoutFilter@1b5d1d9, org.springframework.security.web.authentication.www.BasicAuthenticationFilter@346e5cc, org.springframework.security.web.savedrequest.RequestCacheAwareFilter@95f1422, org.springframework.security.web.servletapi.SecurityContextHolderAwareRequestFilter@31b7112d, org.springframework.security.web.authentication.AnonymousAuthenticationFilter@1f1c7fde, org.springframework.security.web.access.ExceptionTranslationFilter@6f7c4e0, org.springframework.security.web.access.intercept.AuthorizationFilter@790d629a]
2023-09-13T10:55:31.570-03:00  INFO 5144 --- [    Test worker] o.s.b.w.embedded.tomcat.TomcatWebServer  : Tomcat started on port(s): 35519 (http) with context path ''
2023-09-13T10:55:31.577-03:00  INFO 5144 --- [    Test worker] e.cashcard.CashCardApplicationTests      : Started CashCardApplicationTests in 0.912 seconds (process running for 8.186)
2023-09-13T10:55:31.589-03:00  INFO 5144 --- [o-auto-2-exec-1] o.a.c.c.C.[Tomcat].[localhost].[/]       : Initializing Spring DispatcherServlet 'dispatcherServlet'
2023-09-13T10:55:31.589-03:00  INFO 5144 --- [o-auto-2-exec-1] o.s.web.servlet.DispatcherServlet        : Initializing Servlet 'dispatcherServlet'
2023-09-13T10:55:31.590-03:00  INFO 5144 --- [o-auto-2-exec-1] o.s.web.servlet.DispatcherServlet        : Completed initialization in 1 ms
]]></system-out>
  <system-err><![CDATA[]]></system-err>
</testsuite>
