<?xml version="1.0" encoding="UTF-8"?>
<testsuite name="example.cashcard.CashCardApplicationTests" tests="8" skipped="0" failures="0" errors="0" timestamp="2023-09-13T13:48:34" hostname="murilo-20fma00f00" time="4.044">
  <properties/>
  <testcase name="shouldReturnASortedPageOfCashCards()" classname="example.cashcard.CashCardApplicationTests" time="1.576"/>
  <testcase name="shouldReturnACashCardWhenDataIsSaved()" classname="example.cashcard.CashCardApplicationTests" time="0.134"/>
  <testcase name="shouldCreateANewCashCard()" classname="example.cashcard.CashCardApplicationTests" time="0.506"/>
  <testcase name="shouldReturnAPageOfCashCards()" classname="example.cashcard.CashCardApplicationTests" time="0.214"/>
  <testcase name="shouldNotReturnACashCardWhenUsingBadCredentials()" classname="example.cashcard.CashCardApplicationTests" time="0.263"/>
  <testcase name="shouldReturnAllCashCardsWhenListIsRequested()" classname="example.cashcard.CashCardApplicationTests" time="0.138"/>
  <testcase name="shouldReturnASortedPageOfCashCardsWithNoParametersAndUseDefaultValues()" classname="example.cashcard.CashCardApplicationTests" time="0.1"/>
  <testcase name="shouldNotReturnACashCardWithAnUnknownId()" classname="example.cashcard.CashCardApplicationTests" time="0.107"/>
  <system-out><![CDATA[10:48:31.039 [Test worker] INFO org.springframework.test.context.support.AnnotationConfigContextLoaderUtils -- Could not detect default configuration classes for test class [example.cashcard.CashCardApplicationTests]: CashCardApplicationTests does not declare any static, non-private, non-final, nested classes annotated with @Configuration.
10:48:31.179 [Test worker] INFO org.springframework.boot.test.context.SpringBootTestContextBootstrapper -- Found @SpringBootConfiguration example.cashcard.CashCardApplication for test class example.cashcard.CashCardApplicationTests

  .   ____          _            __ _ _
 /\\ / ___'_ __ _ _(_)_ __  __ _ \ \ \ \
( ( )\___ | '_ | '_| | '_ \/ _` | \ \ \ \
 \\/  ___)| |_)| | | | | || (_| |  ) ) ) )
  '  |____| .__|_| |_|_| |_\__, | / / / /
 =========|_|==============|___/=/_/_/_/
 :: Spring Boot ::                (v3.1.3)

2023-09-13T10:48:31.738-03:00  INFO 4841 --- [    Test worker] e.cashcard.CashCardApplicationTests      : Starting CashCardApplicationTests using Java 17.0.8 with PID 4841 (started by murilodh in /home/murilodh/github-repos/REST-API-SpringBoot)
2023-09-13T10:48:31.743-03:00  INFO 4841 --- [    Test worker] e.cashcard.CashCardApplicationTests      : No active profile set, falling back to 1 default profile: "default"
2023-09-13T10:48:32.596-03:00  INFO 4841 --- [    Test worker] .s.d.r.c.RepositoryConfigurationDelegate : Bootstrapping Spring Data JDBC repositories in DEFAULT mode.
2023-09-13T10:48:32.688-03:00  INFO 4841 --- [    Test worker] .s.d.r.c.RepositoryConfigurationDelegate : Finished Spring Data repository scanning in 87 ms. Found 1 JDBC repository interfaces.
2023-09-13T10:48:33.414-03:00  INFO 4841 --- [    Test worker] o.s.b.w.embedded.tomcat.TomcatWebServer  : Tomcat initialized with port(s): 0 (http)
2023-09-13T10:48:33.427-03:00  INFO 4841 --- [    Test worker] o.apache.catalina.core.StandardService   : Starting service [Tomcat]
2023-09-13T10:48:33.428-03:00  INFO 4841 --- [    Test worker] o.apache.catalina.core.StandardEngine    : Starting Servlet engine: [Apache Tomcat/10.1.12]
2023-09-13T10:48:33.577-03:00  INFO 4841 --- [    Test worker] o.a.c.c.C.[Tomcat].[localhost].[/]       : Initializing Spring embedded WebApplicationContext
2023-09-13T10:48:33.579-03:00  INFO 4841 --- [    Test worker] w.s.c.ServletWebServerApplicationContext : Root WebApplicationContext: initialization completed in 1781 ms
2023-09-13T10:48:33.682-03:00  INFO 4841 --- [    Test worker] o.s.j.d.e.EmbeddedDatabaseFactory        : Starting embedded database: url='jdbc:h2:mem:2a7e348b-7dd5-4361-a8ce-b0fe34b06848;DB_CLOSE_DELAY=-1;DB_CLOSE_ON_EXIT=false', username='sa'
2023-09-13T10:48:34.676-03:00  INFO 4841 --- [    Test worker] o.s.s.web.DefaultSecurityFilterChain     : Will secure any request with [org.springframework.security.web.session.DisableEncodeUrlFilter@298e002d, org.springframework.security.web.context.request.async.WebAsyncManagerIntegrationFilter@6b9a1205, org.springframework.security.web.context.SecurityContextHolderFilter@4fa8bebb, org.springframework.security.web.header.HeaderWriterFilter@553ce348, org.springframework.security.web.authentication.logout.LogoutFilter@4b32465, org.springframework.security.web.authentication.www.BasicAuthenticationFilter@2d801d8, org.springframework.security.web.savedrequest.RequestCacheAwareFilter@369ad7da, org.springframework.security.web.servletapi.SecurityContextHolderAwareRequestFilter@4269aad7, org.springframework.security.web.authentication.AnonymousAuthenticationFilter@3c6bd624, org.springframework.security.web.access.ExceptionTranslationFilter@258a8584, org.springframework.security.web.access.intercept.AuthorizationFilter@503556cb]
2023-09-13T10:48:34.950-03:00  INFO 4841 --- [    Test worker] o.s.b.w.embedded.tomcat.TomcatWebServer  : Tomcat started on port(s): 45107 (http) with context path ''
2023-09-13T10:48:34.964-03:00  INFO 4841 --- [    Test worker] e.cashcard.CashCardApplicationTests      : Started CashCardApplicationTests in 3.624 seconds (process running for 5.156)
2023-09-13T10:48:36.064-03:00  INFO 4841 --- [o-auto-1-exec-1] o.a.c.c.C.[Tomcat].[localhost].[/]       : Initializing Spring DispatcherServlet 'dispatcherServlet'
2023-09-13T10:48:36.064-03:00  INFO 4841 --- [o-auto-1-exec-1] o.s.web.servlet.DispatcherServlet        : Initializing Servlet 'dispatcherServlet'
2023-09-13T10:48:36.068-03:00  INFO 4841 --- [o-auto-1-exec-1] o.s.web.servlet.DispatcherServlet        : Completed initialization in 1 ms
2023-09-13T10:48:36.986-03:00  INFO 4841 --- [    Test worker] o.apache.catalina.core.StandardService   : Stopping service [Tomcat]
2023-09-13T10:48:36.988-03:00  INFO 4841 --- [    Test worker] o.a.c.c.C.[Tomcat].[localhost].[/]       : Destroying Spring FrameworkServlet 'dispatcherServlet'
2023-09-13T10:48:37.001-03:00  INFO 4841 --- [    Test worker] o.s.j.d.e.EmbeddedDatabaseFactory        : Shutting down embedded database: url='jdbc:h2:mem:2a7e348b-7dd5-4361-a8ce-b0fe34b06848;DB_CLOSE_DELAY=-1;DB_CLOSE_ON_EXIT=false'

  .   ____          _            __ _ _
 /\\ / ___'_ __ _ _(_)_ __  __ _ \ \ \ \
( ( )\___ | '_ | '_| | '_ \/ _` | \ \ \ \
 \\/  ___)| |_)| | | | | || (_| |  ) ) ) )
  '  |____| .__|_| |_|_| |_\__, | / / / /
 =========|_|==============|___/=/_/_/_/
 :: Spring Boot ::                (v3.1.3)

2023-09-13T10:48:37.232-03:00  INFO 4841 --- [    Test worker] e.cashcard.CashCardApplicationTests      : Starting CashCardApplicationTests using Java 17.0.8 with PID 4841 (started by murilodh in /home/murilodh/github-repos/REST-API-SpringBoot)
2023-09-13T10:48:37.233-03:00  INFO 4841 --- [    Test worker] e.cashcard.CashCardApplicationTests      : No active profile set, falling back to 1 default profile: "default"
2023-09-13T10:48:37.531-03:00  INFO 4841 --- [    Test worker] .s.d.r.c.RepositoryConfigurationDelegate : Bootstrapping Spring Data JDBC repositories in DEFAULT mode.
2023-09-13T10:48:37.552-03:00  INFO 4841 --- [    Test worker] .s.d.r.c.RepositoryConfigurationDelegate : Finished Spring Data repository scanning in 20 ms. Found 1 JDBC repository interfaces.
2023-09-13T10:48:37.721-03:00  INFO 4841 --- [    Test worker] o.s.b.w.embedded.tomcat.TomcatWebServer  : Tomcat initialized with port(s): 0 (http)
2023-09-13T10:48:37.722-03:00  INFO 4841 --- [    Test worker] o.apache.catalina.core.StandardService   : Starting service [Tomcat]
2023-09-13T10:48:37.723-03:00  INFO 4841 --- [    Test worker] o.apache.catalina.core.StandardEngine    : Starting Servlet engine: [Apache Tomcat/10.1.12]
2023-09-13T10:48:37.750-03:00  INFO 4841 --- [    Test worker] o.a.c.c.C.[Tomcat].[localhost].[/]       : Initializing Spring embedded WebApplicationContext
2023-09-13T10:48:37.755-03:00  INFO 4841 --- [    Test worker] w.s.c.ServletWebServerApplicationContext : Root WebApplicationContext: initialization completed in 509 ms
2023-09-13T10:48:37.790-03:00  INFO 4841 --- [    Test worker] o.s.j.d.e.EmbeddedDatabaseFactory        : Starting embedded database: url='jdbc:h2:mem:050aac84-5015-4b2a-9f04-4ed2cc3ff24d;DB_CLOSE_DELAY=-1;DB_CLOSE_ON_EXIT=false', username='sa'
2023-09-13T10:48:38.077-03:00  INFO 4841 --- [    Test worker] o.s.s.web.DefaultSecurityFilterChain     : Will secure any request with [org.springframework.security.web.session.DisableEncodeUrlFilter@d17d554, org.springframework.security.web.context.request.async.WebAsyncManagerIntegrationFilter@1f1c7fde, org.springframework.security.web.context.SecurityContextHolderFilter@95f1422, org.springframework.security.web.header.HeaderWriterFilter@8b1bfdf, org.springframework.security.web.authentication.logout.LogoutFilter@703a2bc9, org.springframework.security.web.authentication.www.BasicAuthenticationFilter@2cd2c764, org.springframework.security.web.savedrequest.RequestCacheAwareFilter@31b7112d, org.springframework.security.web.servletapi.SecurityContextHolderAwareRequestFilter@47fc9ce, org.springframework.security.web.authentication.AnonymousAuthenticationFilter@2b409174, org.springframework.security.web.access.ExceptionTranslationFilter@25e203e6, org.springframework.security.web.access.intercept.AuthorizationFilter@346e5cc]
2023-09-13T10:48:38.183-03:00  INFO 4841 --- [    Test worker] o.s.b.w.embedded.tomcat.TomcatWebServer  : Tomcat started on port(s): 35183 (http) with context path ''
2023-09-13T10:48:38.192-03:00  INFO 4841 --- [    Test worker] e.cashcard.CashCardApplicationTests      : Started CashCardApplicationTests in 0.984 seconds (process running for 8.384)
2023-09-13T10:48:38.209-03:00  INFO 4841 --- [o-auto-2-exec-1] o.a.c.c.C.[Tomcat].[localhost].[/]       : Initializing Spring DispatcherServlet 'dispatcherServlet'
2023-09-13T10:48:38.209-03:00  INFO 4841 --- [o-auto-2-exec-1] o.s.web.servlet.DispatcherServlet        : Initializing Servlet 'dispatcherServlet'
2023-09-13T10:48:38.210-03:00  INFO 4841 --- [o-auto-2-exec-1] o.s.web.servlet.DispatcherServlet        : Completed initialization in 1 ms
]]></system-out>
  <system-err><![CDATA[]]></system-err>
</testsuite>
